number,value,datetime_start,datetime_complete,duration,params_depth,params_l2_leaf_reg,params_learning_rate,params_random_strength,params_subsample,state
225,0.0012286255021829696,2026-08-10 13:21:23.441595,2026-08-10 13:21:27.252257,0 days 00:00:03.810662,3,2.781715843461206,0.019632005889194296,4.705693288444495e-08,0.941137881004579,COMPLETE
226,0.04946604194615588,2026-08-10 13:37:19.107743,2026-08-10 13:37:22.247489,0 days 00:00:03.139746,3,3.1571116144477145,0.018005315815042052,1.7740533291030843e-08,0.9420604058618512,COMPLETE
227,1.1446405012359794e-05,2026-08-10 13:37:22.262046,2026-08-10 13:37:25.518196,0 days 00:00:03.256150,3,2.6257740214577447,0.01937725101371356,2.793084264428954e-08,0.9297941552209968,COMPLETE
228,3.0824732085073515e-06,2026-08-10 13:37:25.528577,2026-08-10 13:37:28.050905,0 days 00:00:02.522328,3,2.3186189641500157,0.02372585518624447,2.606528123588584e-08,0.9337071529797798,COMPLETE
229,0.00017102978075548978,2026-08-10 13:37:28.061161,2026-08-10 13:37:30.618853,0 days 00:00:02.557692,3,2.267802762175195,0.02386587835498194,3.007609507062426e-08,0.9308575097152638,COMPLETE
230,0.0001555802135548156,2026-08-10 13:37:30.629324,2026-08-10 13:37:33.255795,0 days 00:00:02.626471,3,2.2877765865916815,0.02394626875976966,2.930297179730597e-08,0.9299106737995473,COMPLETE
231,0.04626294462205413,2026-08-10 13:37:33.266467,2026-08-10 13:37:35.971256,0 days 00:00:02.704789,3,1.8146735806899972,0.023321952819602355,2.8230148777417943e-08,0.9291897823816161,COMPLETE
232,0.012253852260652556,2026-08-10 13:37:35.982047,2026-08-10 13:37:39.332228,0 days 00:00:03.350181,3,1.9568159510024357,0.02565738490496082,2.1023143150767667e-08,0.9338261553906713,COMPLETE
233,4.603878558858263e-06,2026-08-10 13:37:39.342004,2026-08-10 13:37:41.562941,0 days 00:00:02.220937,3,2.2696517509591754,0.02387809337121376,1.4242892239428715e-08,0.930636925483876,COMPLETE
234,0.010731509495152409,2026-08-10 13:37:41.573345,2026-08-10 13:37:44.918973,0 days 00:00:03.345628,3,2.100498776412551,0.023543461898730612,2.912519648364048e-08,0.9285145962036166,COMPLETE
235,0.0020494723326716746,2026-08-10 13:37:44.930099,2026-08-10 13:37:47.932630,0 days 00:00:03.002531,3,2.3414408777639446,0.02429388464396529,1.4210077423251092e-08,0.9199748220025177,COMPLETE
236,0.0008335392372209854,2026-08-10 13:37:47.943359,2026-08-10 13:37:50.924604,0 days 00:00:02.981245,3,2.117748396209895,0.02187315346307016,3.18409925735732e-08,0.9321137932095841,COMPLETE
237,0.06464214590476909,2026-08-10 13:37:50.935276,2026-08-10 13:37:54.459155,0 days 00:00:03.523879,3,2.2491231231231446,0.02671776481830646,1.0286404883577494e-08,0.9145907641343688,COMPLETE
238,0.03613918357718461,2026-08-10 13:37:54.469117,2026-08-10 13:37:57.943937,0 days 00:00:03.474820,3,2.434229050262723,0.028723390755020114,2.072513992739664e-08,0.9496951129084774,COMPLETE
239,0.0028504187531161696,2026-08-10 13:37:57.954560,2026-08-10 13:38:01.124691,0 days 00:00:03.170131,3,2.1966304660042693,0.02121844120745781,4.0898397565392835e-08,0.9286264623624897,COMPLETE
240,0.0013653604943361856,2026-08-10 13:38:01.135331,2026-08-10 13:38:04.528341,0 days 00:00:03.393010,3,2.5446376856153092,0.022547372845146935,2.3006461612307616e-08,0.9211834905187501,COMPLETE
241,0.0387138000200533,2026-08-10 15:49:44.285049,2026-08-10 15:49:47.403640,0 days 00:00:03.118591,3,2.297052239247747,0.02105077320470367,1.4762985439820614e-08,0.9342402780504666,COMPLETE
242,0.007187788354572139,2026-08-10 15:49:47.417556,2026-08-10 15:49:50.656679,0 days 00:00:03.239123,3,2.5833971404235263,0.019337956669604927,1.5992509735542446e-08,0.9418183308740866,COMPLETE
243,0.01611810378588884,2026-08-10 15:49:50.667736,2026-08-10 15:49:54.599240,0 days 00:00:03.931504,3,2.7230993411423388,0.02547668484381989,1.3367690732973504e-08,0.9416080538700156,COMPLETE
244,0.03824149236059662,2026-08-10 15:49:54.621996,2026-08-10 15:49:59.595551,0 days 00:00:04.973555,3,2.0107558869125937,0.01872648863529737,2.5822857236406836e-08,0.9497660265299639,COMPLETE
245,2.370618327045644e-06,2026-08-10 15:49:59.607001,2026-08-10 15:50:02.652760,0 days 00:00:03.045759,3,2.4359711318150987,0.02401487943216483,1.753063138371675e-08,0.9327594278370137,COMPLETE
246,0.027826066528683253,2026-08-10 15:50:02.663861,2026-08-10 15:50:06.006509,0 days 00:00:03.342648,4,2.505242520930066,0.024185879250829337,1.0048463420734414e-08,0.9267572839679268,COMPLETE
247,0.0022380751691319406,2026-08-10 15:50:06.017557,2026-08-10 15:50:09.226094,0 days 00:00:03.208537,3,2.3644265627573064,0.023615323749009258,3.660927725132552e-08,0.9150582564281847,COMPLETE
248,0.04720700126823223,2026-08-10 15:50:09.237423,2026-08-10 15:50:12.849396,0 days 00:00:03.611973,3,2.2442611569694986,0.02633800621814037,1.988583950517263e-08,0.9332270185796953,COMPLETE
249,0.010753045229947385,2026-08-10 15:50:12.860984,2026-08-10 15:50:16.389433,0 days 00:00:03.528449,3,2.6402448910026663,0.020469054184891575,2.8333157167601523e-08,0.9265515246117477,COMPLETE
250,0.030117941967008698,2026-08-10 15:50:16.400167,2026-08-10 15:50:19.699903,0 days 00:00:03.299736,3,1.8852303054861812,0.017957163842831376,4.938441761662396e-08,0.5755487693187925,COMPLETE
251,3.23754327581195e-06,2026-08-10 15:50:19.710752,2026-08-10 15:50:22.187341,0 days 00:00:02.476589,3,2.3917005318285023,0.02464169115273615,1.9948364659549955e-08,0.934079887864935,COMPLETE
252,0.006202970074559368,2026-08-10 15:50:22.197790,2026-08-10 15:50:24.627976,0 days 00:00:02.430186,3,2.404503716391447,0.02294535325049598,1.6650790611332173e-08,0.9409919122748152,COMPLETE
253,0.03974137564788659,2026-08-10 15:50:24.638811,2026-08-10 15:50:26.767127,0 days 00:00:02.128316,3,2.1658963947966376,0.02431002216292347,1.0115279982679543e-08,0.76640261509273,COMPLETE
254,0.004180161919122215,2026-08-10 15:50:26.777390,2026-08-10 15:50:29.871541,0 days 00:00:03.094151,3,2.539105692334628,0.02228289463024305,1.9962499655243387e-08,0.9100826665662065,COMPLETE
255,0.0019612926090233455,2026-08-10 15:50:29.882398,2026-08-10 15:50:33.574130,0 days 00:00:03.691732,3,3.0031509073182177,0.025982629120327484,3.49962226433287e-08,0.9214847840243583,COMPLETE
256,0.0009436650288887425,2026-08-10 16:27:07.938503,2026-08-10 16:27:11.045358,0 days 00:00:03.106855,3,2.6997250472077843,0.027350469272104085,1.4602817856971668e-08,0.9354745189159221,COMPLETE
257,0.003906249774446214,2026-08-10 16:27:11.059228,2026-08-10 16:27:14.363531,0 days 00:00:03.304303,3,2.397040906329413,0.021501773511102145,2.3961024031552715e-08,0.9431517586152304,COMPLETE
258,0.06557191592029044,2026-08-10 16:27:14.375698,2026-08-10 16:27:17.972997,0 days 00:00:03.597299,3,1.7285032776148386,0.02037427098926235,5.716715040816018e-08,0.949948905822265,COMPLETE
259,0.0026133088575046063,2026-08-10 16:27:17.984392,2026-08-10 16:27:21.272659,0 days 00:00:03.288267,3,2.8583511897354077,0.02431498606755519,3.868599002353302e-08,0.9245907231211836,COMPLETE
260,0.06630074363055152,2026-08-10 16:27:21.283817,2026-08-10 16:27:24.281442,0 days 00:00:02.997625,3,2.0077214609485714,0.031451421903577984,1.473782644648312e-08,0.7530637394290655,COMPLETE
261,7.079948950001768e-05,2026-08-10 16:27:24.291594,2026-08-10 16:27:27.724423,0 days 00:00:03.432829,3,3.2377569996494198,0.016582532510783163,2.16374860972997e-08,0.9340730195455212,COMPLETE
262,7.058871516332767e-06,2026-08-10 16:27:27.735380,2026-08-10 16:27:31.021746,0 days 00:00:03.286366,3,3.2578726029792944,0.017218246929366295,1.0061327902256165e-08,0.934502047845035,COMPLETE
263,8.043725605184653e-05,2026-08-10 16:27:31.033022,2026-08-10 16:27:34.522250,0 days 00:00:03.489228,3,3.319881789318451,0.01694445851333748,2.013109876633498e-08,0.9342474371261201,COMPLETE
264,0.012410681280450173,2026-08-10 16:27:34.532564,2026-08-10 16:27:37.618888,0 days 00:00:03.086324,3,3.4990425490988337,0.01662197556178724,1.5064070011919333e-08,0.9394423095586546,COMPLETE
265,0.0004041222445879202,2026-08-10 16:27:37.629564,2026-08-10 16:27:41.127226,0 days 00:00:03.497662,3,3.243414751949371,0.01731347661560981,1.9997623141199397e-08,0.9408816034007269,COMPLETE
266,0.0028102528104664345,2026-08-10 16:27:41.137987,2026-08-10 16:27:44.771111,0 days 00:00:03.633124,3,3.0783979699317925,0.01787185832087364,1.3754789095494367e-08,0.9494241727038025,COMPLETE
267,0.0005914376666569276,2026-08-10 16:27:44.782897,2026-08-10 16:27:48.416350,0 days 00:00:03.633453,3,3.332695681140123,0.016605685288908715,3.9260461123364724e-08,0.9315903264362702,COMPLETE
268,0.0009700149154404902,2026-08-10 16:27:48.427048,2026-08-10 16:27:51.756088,0 days 00:00:03.329040,3,2.788015429054091,0.019144638564421123,2.193281009686501e-08,0.9200570324746506,COMPLETE
269,0.0014482788953113978,2026-08-10 16:27:51.766657,2026-08-10 16:27:55.314761,0 days 00:00:03.548104,3,3.3499056014674995,0.017279960940877845,5.8385396361621e-08,0.9376426808719519,COMPLETE
270,0.038356930027952874,2026-08-10 16:27:55.326795,2026-08-10 16:27:58.693662,0 days 00:00:03.366867,3,3.8061287613527925,0.018427310887962803,1.3017302011528514e-08,0.6917608816260092,COMPLETE
