number,value,datetime_start,datetime_complete,duration,params_depth,params_l2_leaf_reg,params_learning_rate,params_random_strength,params_subsample,state
0,,2026-08-09 21:49:16.271911,2026-08-09 21:49:16.379527,0 days 00:00:00.107616,3,39.80216068696838,0.10964703498678893,0.011127467803178746,0.8703860876956933,FAIL
1,0.3802520133783692,2026-08-09 21:52:47.954691,2026-08-09 21:52:51.656824,0 days 00:00:03.702133,4,1.6754448847540127,0.03718757073800757,0.0005522138969535584,0.508754765918075,COMPLETE
2,0.36867841036500604,2026-08-09 21:52:51.668696,2026-08-09 21:52:55.039637,0 days 00:00:03.370941,3,3.99426133612375,0.011520339655426275,0.15467153338642559,0.8250072990388466,COMPLETE
3,0.12949747686597715,2026-08-09 21:52:55.050223,2026-08-09 21:52:58.313613,0 days 00:00:03.263390,3,14.864754523149635,0.08627605225420716,0.01511437837855134,0.9102207392836255,COMPLETE
4,0.02376595373111969,2026-08-09 21:52:58.324397,2026-08-09 21:53:01.692548,0 days 00:00:03.368151,3,8.055145303015031,0.048249663470382356,2.876070666084623e-05,0.5548944623050125,COMPLETE
5,0.44250620762371284,2026-08-09 21:53:01.704043,2026-08-09 21:53:06.412308,0 days 00:00:04.708265,4,11.470183885357768,0.05046507083688503,0.5458315941748391,0.884236499265749,COMPLETE
6,0.01011248892332014,2026-08-09 21:53:06.422692,2026-08-09 21:53:07.906921,0 days 00:00:01.484229,3,26.56305542555698,0.177230063377427,3.6862368977434705e-07,0.605448507437071,COMPLETE
7,0.02088304456739405,2026-08-09 21:53:07.917012,2026-08-09 21:53:10.452417,0 days 00:00:02.535405,3,7.093281880727935,0.05475011932016446,6.462016201181319e-07,0.9113414531037227,COMPLETE
8,0.34658953593167446,2026-08-09 21:53:10.463491,2026-08-09 21:53:15.366567,0 days 00:00:04.903076,3,2.359287279214292,0.019213672391876276,0.010400608444013162,0.5072693795664724,COMPLETE
9,0.020205776701999818,2026-08-09 21:53:15.376894,2026-08-09 21:53:17.449319,0 days 00:00:02.072425,3,18.1698775518477,0.12249351930605767,1.1421878177694381e-05,0.6277903338666807,COMPLETE
10,0.0006526798838478174,2026-08-09 21:53:17.460056,2026-08-09 21:53:20.180482,0 days 00:00:02.720426,3,5.329801638979791,0.026036386931974204,1.1423846061978196e-08,0.914318186938684,COMPLETE
11,0.004194965115032465,2026-08-09 21:53:20.190667,2026-08-09 21:53:24.778699,0 days 00:00:04.588032,4,1.072826228454941,0.0224593851342531,3.016077801377156e-08,0.7422772943894348,COMPLETE
12,0.046077506510549725,2026-08-09 21:53:24.789152,2026-08-09 21:53:27.027467,0 days 00:00:02.238315,4,1.0345628818813415,0.023937267090374942,2.029148460533437e-08,0.744552857651131,COMPLETE
13,0.011386382020529048,2026-08-09 21:53:27.038104,2026-08-09 21:53:31.759712,0 days 00:00:04.721608,4,3.625414037527699,0.021385470698499543,1.1462034553927527e-08,0.7372969118923604,COMPLETE
14,0.017308409307351207,2026-08-09 21:53:31.770469,2026-08-09 21:53:36.185987,0 days 00:00:04.415518,4,44.96230623796729,0.01095957030648678,2.635133803565894e-07,0.7781928182573825,COMPLETE
15,0.40424276741546794,2026-08-09 21:53:36.196812,2026-08-09 21:53:40.917694,0 days 00:00:04.720882,4,1.0768895011553923,0.03008406150752438,1.064907556050752e-08,0.6841452831979561,COMPLETE
16,0.015640992709080325,2026-08-10 10:10:19.928306,2026-08-10 10:10:24.737367,0 days 00:00:04.809061,4,4.794282157729241,0.015408322067442368,4.796070921915843e-06,0.8154860817879006,COMPLETE
17,0.5696306093879747,2026-08-10 10:10:24.749612,2026-08-10 10:10:28.093971,0 days 00:00:03.344359,3,2.140658055097598,0.031990445582547766,9.933618719736264,0.8512571909516693,COMPLETE
18,0.0073874402556086795,2026-08-10 10:10:28.104752,2026-08-10 10:10:31.914736,0 days 00:00:03.809984,4,2.7980938596221625,0.015825475162625644,2.3007462721947725e-07,0.9458592098914823,COMPLETE
19,0.08082497837673938,2026-08-10 10:10:31.924769,2026-08-10 10:10:35.561493,0 days 00:00:03.636724,4,6.459538809784404,0.08802456150683313,6.317150767622995e-08,0.6781273966014555,COMPLETE
20,0.048179547646439565,2026-08-10 10:10:35.571252,2026-08-10 10:10:38.812616,0 days 00:00:03.241364,3,1.5601467098447885,0.026895203553171466,2.6642586025536165e-06,0.6902703740923655,COMPLETE
21,0.017865635655389817,2026-08-10 10:10:38.823327,2026-08-10 10:10:43.430230,0 days 00:00:04.606903,4,42.82301956720102,0.04003806363777434,0.00011171615779650343,0.7774982655797452,COMPLETE
22,0.004972886736677456,2026-08-10 10:10:43.440176,2026-08-10 10:10:47.676334,0 days 00:00:04.236158,4,2.9058315055577095,0.01608998077259612,1.6851914655199774e-07,0.9323394076388429,COMPLETE
23,0.011099677412429435,2026-08-10 10:10:47.686362,2026-08-10 10:10:51.152973,0 days 00:00:03.466611,4,1.5730315702543989,0.015192629263541731,6.628219157512125e-08,0.9358830056334576,COMPLETE
24,0.022737931265442584,2026-08-10 10:10:51.162256,2026-08-10 10:10:55.755045,0 days 00:00:04.592789,4,5.008634086612504,0.018886444126285044,1.3082870311710993e-06,0.8648545419641523,COMPLETE
25,0.002384211099065053,2026-08-10 10:10:55.765185,2026-08-10 10:11:01.759912,0 days 00:00:05.994727,4,3.1560802590609116,0.012866132880672827,4.9552077217463534e-08,0.8898895645182594,COMPLETE
26,0.011349880571802643,2026-08-10 10:11:01.770348,2026-08-10 10:11:06.407743,0 days 00:00:04.637395,4,10.076017061815543,0.010229947122354659,4.959768351879032e-08,0.818587702971548,COMPLETE
27,0.004289839324559748,2026-08-10 10:11:06.417974,2026-08-10 10:11:11.588723,0 days 00:00:05.170749,3,5.384637985114938,0.012904671228371058,3.7698634562748886e-08,0.887449573228423,COMPLETE
28,0.00733334619643866,2026-08-10 10:11:11.599144,2026-08-10 10:11:15.990663,0 days 00:00:04.391519,4,3.808240017295119,0.025004954493206787,1.497177373389002e-06,0.8457733622750324,COMPLETE
29,0.002033169356821715,2026-08-10 10:11:16.000386,2026-08-10 10:11:19.113775,0 days 00:00:03.113389,3,1.8482504006745542,0.02015181221418967,1.3238514870150407e-07,0.7793525754126955,COMPLETE
30,0.10701789694271131,2026-08-10 10:11:19.123582,2026-08-10 10:11:22.216670,0 days 00:00:03.093088,3,1.7557345936777085,0.0390285060800158,6.279959339692847e-05,0.7897492407698395,COMPLETE
31,0.020929362255865953,2026-08-10 10:16:59.316060,2026-08-10 10:17:02.794650,0 days 00:00:03.478590,3,2.7547471500323804,0.013530565146200489,7.976483145302077e-06,0.8883112672740533,COMPLETE
32,0.10822273488266636,2026-08-10 10:17:02.806608,2026-08-10 10:17:05.943886,0 days 00:00:03.137278,3,1.2748519161376364,0.019912223519886835,1.0861196977021009e-07,0.7229885833696019,COMPLETE
33,0.06072090190390034,2026-08-10 10:17:05.954479,2026-08-10 10:17:10.399327,0 days 00:00:04.444848,3,1.982986839980282,0.031196940796591945,1.0722994929619708e-08,0.798668137711679,COMPLETE
34,0.16380908074323516,2026-08-10 10:17:10.409582,2026-08-10 10:17:13.578835,0 days 00:00:03.169253,3,1.3448446118527104,0.022229865571510944,5.788618620754748e-07,0.7139965257503041,COMPLETE
35,0.00010575819643210188,2026-08-10 10:17:13.588923,2026-08-10 10:17:16.931538,0 days 00:00:03.342615,3,2.4469785281174072,0.017850116934016277,4.41851382803462e-08,0.7538552742555638,COMPLETE
36,0.03500278402774506,2026-08-10 10:17:16.942553,2026-08-10 10:17:20.264581,0 days 00:00:03.322028,3,3.7618139089282345,0.01265090624278961,1.3031642195257945e-07,0.6388881032688098,COMPLETE
37,0.19355788505582067,2026-08-10 10:17:20.275150,2026-08-10 10:17:23.665095,0 days 00:00:03.389945,3,2.972702590572777,0.01740079315948004,0.0007444790103509298,0.9054734222701807,COMPLETE
38,0.05776713170437002,2026-08-10 10:17:23.675281,2026-08-10 10:17:27.065297,0 days 00:00:03.390016,3,2.332818378720811,0.02745703643461775,7.009309633677206e-07,0.8422667351133036,COMPLETE
39,0.0016522997394153884,2026-08-10 10:17:27.076072,2026-08-10 10:17:29.529005,0 days 00:00:02.452933,3,6.191036201632178,0.06427547001417179,3.237238178651994e-08,0.7635197458799599,COMPLETE
40,0.05795164226277709,2026-08-10 10:17:29.539820,2026-08-10 10:17:32.012555,0 days 00:00:02.472735,3,8.589467662493668,0.07961044005950448,2.861555677008208e-07,0.7615520796114591,COMPLETE
41,0.015694291356137608,2026-08-10 10:17:32.022317,2026-08-10 10:17:35.088921,0 days 00:00:03.066604,3,11.154989537286921,0.06416597527782653,1.4445851739955068e-06,0.5630930602120471,COMPLETE
42,0.00016987106973996905,2026-08-10 10:17:35.099144,2026-08-10 10:17:36.886498,0 days 00:00:01.787354,3,6.003072545144085,0.12432401376900364,3.019741317304925e-08,0.8065136961157782,COMPLETE
43,0.08348943847553002,2026-08-10 10:17:36.896471,2026-08-10 10:17:38.276610,0 days 00:00:01.380139,3,14.829636059630143,0.1833003783278757,2.9786902238303256e-08,0.7663970500602331,COMPLETE
44,0.25875242730484876,2026-08-10 10:17:38.286472,2026-08-10 10:17:39.293002,0 days 00:00:01.006530,3,6.3252168190919456,0.12324930310655022,2.1972812471775204e-08,0.8095207448378803,COMPLETE
45,0.042115235193526786,2026-08-10 10:17:39.302857,2026-08-10 10:17:42.138982,0 days 00:00:02.836125,3,8.457243881458515,0.11642424880913292,8.77183817406271e-08,0.7554631232480822,COMPLETE
46,0.7382164008622395,2026-08-10 10:23:28.004656,2026-08-10 10:23:28.991644,0 days 00:00:00.986988,3,4.651394613993513,0.15892033091670552,1.0801827409451016e-08,0.724770630270335,COMPLETE
47,0.004847998908854867,2026-08-10 10:23:29.003726,2026-08-10 10:23:32.376242,0 days 00:00:03.372516,3,5.821651638776216,0.04736553556295036,5.028677210175131e-07,0.8312264047401051,COMPLETE
48,0.006663042964716382,2026-08-10 10:23:32.385775,2026-08-10 10:23:34.733728,0 days 00:00:02.347953,3,13.503119829211606,0.06571424854079419,1.2458325171624805e-07,0.7021142513083063,COMPLETE
49,0.024053526733109447,2026-08-10 10:23:34.744543,2026-08-10 10:23:37.263918,0 days 00:00:02.519375,3,7.598747758269096,0.10647068995006818,2.7759159061830608e-08,0.6710694839611854,COMPLETE
50,0.03587258728377505,2026-08-10 10:23:37.274160,2026-08-10 10:23:39.385244,0 days 00:00:02.111084,3,4.237650111296761,0.05777017776299744,2.466183321596489e-07,0.6577895216434508,COMPLETE
51,0.22839345112047646,2026-08-10 10:23:39.395415,2026-08-10 10:23:42.783189,0 days 00:00:03.387774,3,24.847962602553054,0.03484286489123257,0.09541654219651355,0.7933894034265351,COMPLETE
52,1.2757596426003133,2026-08-10 10:23:42.792945,2026-08-10 10:23:43.816039,0 days 00:00:01.023094,3,3.2432457354207838,0.15891677908829036,3.338962226606383e-08,0.8711421357306903,COMPLETE
53,0.017113606076871093,2026-08-10 10:23:43.826139,2026-08-10 10:23:47.441751,0 days 00:00:03.615612,3,2.5230390274401646,0.013675972123668556,6.759669345984196e-08,0.9059447699760405,COMPLETE
54,0.028314575955854786,2026-08-10 10:23:47.451562,2026-08-10 10:23:50.801857,0 days 00:00:03.350295,3,3.353735839835362,0.01148198930571285,1.0010724770007947e-08,0.7459987407317696,COMPLETE
55,0.0001016933420227204,2026-08-10 10:23:50.811392,2026-08-10 10:23:53.700087,0 days 00:00:02.888695,3,4.249390825167052,0.04394144324695015,2.5623789179990042e-08,0.7692696669127815,COMPLETE
56,0.002721704466578266,2026-08-10 10:23:53.710000,2026-08-10 10:23:56.561962,0 days 00:00:02.851962,3,6.605769639355965,0.043720332556898674,1.6714895604782974e-07,0.7315143261189536,COMPLETE
57,0.09534293561959158,2026-08-10 10:23:56.572698,2026-08-10 10:23:59.397597,0 days 00:00:02.824899,3,4.289893148027023,0.051020462650687694,2.1800670610505494e-08,0.7765404670732592,COMPLETE
58,0.001004035716547334,2026-08-10 10:23:59.408398,2026-08-10 10:24:00.532379,0 days 00:00:01.123981,3,2.123884635042635,0.0888034807879168,3.367351604006754e-06,0.70168111377387,COMPLETE
59,0.12929773612553824,2026-08-10 10:24:00.542423,2026-08-10 10:24:03.884649,0 days 00:00:03.342226,3,5.559205814627063,0.08631816184967706,0.0008065656229939212,0.6985881529006197,COMPLETE
60,0.01069458886272616,2026-08-10 10:24:03.895256,2026-08-10 10:24:07.185177,0 days 00:00:03.289921,3,9.517839023396828,0.07812839190878464,1.9883458892248686e-05,0.5972841670122384,COMPLETE
61,0.001560630056127888,2026-08-10 10:28:08.144518,2026-08-10 10:28:11.110734,0 days 00:00:02.966216,3,4.735204611133341,0.09642954453577007,3.6315487271616708e-06,0.7478762206448252,COMPLETE
62,0.16686417951806426,2026-08-10 10:28:11.122123,2026-08-10 10:28:12.793839,0 days 00:00:01.671716,3,4.794993856743158,0.09750889487228417,0.00017876328747960267,0.7519415235220941,COMPLETE
63,0.4242769332032286,2026-08-10 10:28:12.804106,2026-08-10 10:28:13.832299,0 days 00:00:01.028193,3,7.154505036787652,0.135055127512828,3.580140788919555e-06,0.7062460892457925,COMPLETE
64,0.023363252268743445,2026-08-10 10:28:13.842345,2026-08-10 10:28:16.917183,0 days 00:00:03.074838,3,5.9063952257690655,0.06818427335393892,8.743123339237272e-06,0.8070953784213964,COMPLETE
65,0.33069892028145287,2026-08-10 10:28:16.927160,2026-08-10 10:28:19.546932,0 days 00:00:02.619772,3,3.8812210613744704,0.10347432457715552,0.001964415107500567,0.7373661642603044,COMPLETE
66,0.12409461862117802,2026-08-10 10:28:19.556806,2026-08-10 10:28:21.919704,0 days 00:00:02.362898,3,5.173000875511063,0.07761223014580863,1.0489057300214137e-06,0.8283201038503658,COMPLETE
67,0.5678559626242041,2026-08-10 10:28:21.930116,2026-08-10 10:28:23.270891,0 days 00:00:01.340775,3,2.099420316239044,0.09675164727123958,2.4000920682441056e-05,0.6644719833668606,COMPLETE
68,0.4111754387520367,2026-08-10 10:28:23.280430,2026-08-10 10:28:25.715855,0 days 00:00:02.435425,3,4.33365391140668,0.13405650195873334,1.7559292876243142e-08,0.7752175436616641,COMPLETE
69,0.1214621956270314,2026-08-10 10:28:25.726276,2026-08-10 10:28:27.800325,0 days 00:00:02.074049,3,2.6236108269391565,0.057820751113562954,2.260687238734944e-06,0.7243403951248418,COMPLETE
70,0.004326873631749366,2026-08-10 10:28:27.810753,2026-08-10 10:28:30.072748,0 days 00:00:02.261995,3,3.5233866342422124,0.07069540886895712,3.1936002047759703e-07,0.682813007291793,COMPLETE
71,0.06592090515624485,2026-08-10 10:28:30.083251,2026-08-10 10:28:33.089374,0 days 00:00:03.006123,3,7.706249869970216,0.09276675323544738,5.474367738678204e-08,0.6452392382031811,COMPLETE
72,0.0018300389211077035,2026-08-10 10:28:33.100251,2026-08-10 10:28:36.202306,0 days 00:00:03.102055,3,1.2411130554254448,0.024648074827202264,8.256516725329322e-08,0.7892571056066382,COMPLETE
73,0.026669061350465907,2026-08-10 10:28:36.213868,2026-08-10 10:28:39.563344,0 days 00:00:03.349476,3,1.258856537290348,0.01770089679480956,5.0342691321302196e-08,0.7854237030754744,COMPLETE
74,0.0766408974209872,2026-08-10 10:28:39.572987,2026-08-10 10:28:42.679911,0 days 00:00:03.106924,3,1.58031554802221,0.02498208450873014,1.511485089388933e-08,0.7693628508346423,COMPLETE
75,0.9658855950689234,2026-08-10 10:28:42.689887,2026-08-10 10:28:44.411842,0 days 00:00:01.721955,3,1.0591455827189795,0.03543215635736908,5.555833715035166e-06,0.7992470196799005,COMPLETE
76,0.06091547163278825,2026-08-10 10:35:05.701733,2026-08-10 10:35:09.028373,0 days 00:00:03.326640,3,2.321764374274658,0.029322152322630503,9.664193421508729e-08,0.7583498192327129,COMPLETE
77,2.1676866201643095,2026-08-10 10:35:09.040544,2026-08-10 10:35:10.282094,0 days 00:00:01.241550,3,1.382760225720626,0.11200914361116136,4.620363538686947e-05,0.7445766894076584,COMPLETE
78,0.0031585348929886172,2026-08-10 10:35:10.292076,2026-08-10 10:35:13.208537,0 days 00:00:02.916461,3,1.917381231353079,0.04211053694019728,5.188180642656549e-07,0.7140721181220582,COMPLETE
79,0.013842283313347022,2026-08-10 10:35:13.224029,2026-08-10 10:35:17.567295,0 days 00:00:04.343266,3,6.720313922695577,0.02315947717552336,3.824932708651674e-08,0.8209857343818049,COMPLETE
80,0.0017912689549112507,2026-08-10 10:35:17.577190,2026-08-10 10:35:21.087425,0 days 00:00:03.510235,3,6.058827464129394,0.02052280134152527,1.842482905090209e-08,0.8618752900881093,COMPLETE
81,0.0034371651018819892,2026-08-10 10:35:21.099342,2026-08-10 10:35:24.408142,0 days 00:00:03.308800,3,9.304139868452618,0.020984552725255543,1.8151476484035495e-07,0.9222012460507009,COMPLETE
82,0.43506585758999206,2026-08-10 10:35:24.418846,2026-08-10 10:35:27.845740,0 days 00:00:03.426894,3,5.181007548474635,0.018182278884648576,9.954847174662314,0.8521254232709509,COMPLETE
83,0.0003882720748756445,2026-08-10 10:35:27.855964,2026-08-10 10:35:31.230043,0 days 00:00:03.374079,3,6.016564524942277,0.014928574799457172,1.9490096081017456e-08,0.8745602957356432,COMPLETE
84,0.0013832563705558601,2026-08-10 10:35:31.239967,2026-08-10 10:35:36.531689,0 days 00:00:05.291722,3,4.623993810573412,0.014532939351679331,1.6690486506147696e-08,0.8694438795289525,COMPLETE
85,7.121789380560077e-05,2026-08-10 10:35:36.547770,2026-08-10 10:35:40.056667,0 days 00:00:03.508897,3,4.833382831444516,0.014430135557430295,2.8975995144986202e-08,0.9494007107755034,COMPLETE
86,0.00041978065911299115,2026-08-10 10:35:40.066458,2026-08-10 10:35:43.425573,0 days 00:00:03.359115,3,4.559786989609153,0.01446192169059248,1.8599304596181246e-08,0.9206956602580875,COMPLETE
87,0.0002226751112332634,2026-08-10 10:35:43.435341,2026-08-10 10:35:46.595565,0 days 00:00:03.160224,3,4.094535873080002,0.01430403529518643,1.811116867403724e-08,0.9466571520870881,COMPLETE
88,0.0006373290936935854,2026-08-10 10:35:46.605347,2026-08-10 10:35:52.222714,0 days 00:00:05.617367,3,4.108315033369387,0.015048683836720832,2.7377873439232218e-08,0.9458439656306239,COMPLETE
89,0.003914712566582016,2026-08-10 10:35:52.256723,2026-08-10 10:36:00.316776,0 days 00:00:08.060053,3,4.034526536201735,0.016562863009160947,3.921600497364797e-08,0.9498987716073551,COMPLETE
90,0.0008416582102671285,2026-08-10 10:36:00.341541,2026-08-10 10:36:06.697140,0 days 00:00:06.355599,3,3.124470839316692,0.012257174593655065,2.566195114116986e-08,0.9236999570548751,COMPLETE
91,0.002536242349623943,2026-08-10 10:46:17.265196,2026-08-10 10:46:20.739565,0 days 00:00:03.474369,3,3.5824453778467538,0.014303021305592885,7.131103661905339e-08,0.9408724614798146,COMPLETE
92,0.0012092183061999944,2026-08-10 10:46:20.753236,2026-08-10 10:46:24.124107,0 days 00:00:03.370871,3,3.156412223497241,0.010264410482807698,2.4927739796050014e-08,0.9243452111375932,COMPLETE
93,6.721751486742593e-05,2026-08-10 10:46:24.134332,2026-08-10 10:46:27.490241,0 days 00:00:03.355909,3,2.8797545860250375,0.011979023557986272,1.0515512742186808e-08,0.9181720294746869,COMPLETE
94,0.02050215998417214,2026-08-10 10:46:27.500582,2026-08-10 10:46:30.452919,0 days 00:00:02.952337,3,5.553131594847012,0.01562439148024412,1.031732942228029e-08,0.902404870660947,COMPLETE
95,0.000901288409178177,2026-08-10 10:46:30.462626,2026-08-10 10:46:33.839952,0 days 00:00:03.377326,3,4.449551339870739,0.011873466487331596,1.607089608797189e-08,0.8952091755218342,COMPLETE
96,0.018516830336713176,2026-08-10 10:46:33.850092,2026-08-10 10:46:36.958154,0 days 00:00:03.108062,3,2.8235015383568083,0.01362226677913257,5.7383065702821924e-08,0.9402833788814531,COMPLETE
97,0.0036406703634773428,2026-08-10 10:46:36.968358,2026-08-10 10:46:40.334379,0 days 00:00:03.366021,3,4.160784184580142,0.011017184391171244,1.1948468156264806e-07,0.9141698244557849,COMPLETE
98,0.0008962135168846758,2026-08-10 10:46:40.344232,2026-08-10 10:46:43.703986,0 days 00:00:03.359754,3,3.770669074878547,0.016621942889425048,3.8869619502708235e-08,0.8775001958285745,COMPLETE
99,0.00041118636732197136,2026-08-10 10:46:43.713990,2026-08-10 10:46:47.038071,0 days 00:00:03.324081,3,5.092448622020296,0.014496343904841096,1.4550502356898625e-08,0.93016497964048,COMPLETE
100,0.0006466853172713806,2026-08-10 10:46:47.048265,2026-08-10 10:46:50.386760,0 days 00:00:03.338495,3,5.022847271000006,0.014977802878552214,1.4856392238878214e-08,0.9338090717252506,COMPLETE
101,0.014012327068527725,2026-08-10 10:46:50.396588,2026-08-10 10:46:53.277089,0 days 00:00:02.880501,3,6.936939643546897,0.013080972635635157,2.5218692741356045e-08,0.9296351328182236,COMPLETE
102,0.00010400889461099558,2026-08-10 10:46:53.287368,2026-08-10 10:46:56.482090,0 days 00:00:03.194722,3,5.206423347435588,0.01905963123675295,1.3617449269040009e-08,0.9366927957179573,COMPLETE
103,0.0020442018741706424,2026-08-10 10:46:56.492067,2026-08-10 10:46:59.365476,0 days 00:00:02.873409,3,5.4491591515486135,0.018892277549839548,4.260602448151958e-08,0.9496180361512521,COMPLETE
104,0.00016258054777633574,2026-08-10 10:46:59.375302,2026-08-10 10:47:02.728948,0 days 00:00:03.353646,3,4.027714788929643,0.014162819712180905,1.0701513621282506e-08,0.9163189531011492,COMPLETE
105,0.0003325781459793868,2026-08-10 10:47:02.739177,2026-08-10 10:47:05.921111,0 days 00:00:03.181934,3,3.5568087549508682,0.01398080737079956,1.0709776843863748e-08,0.9133446770383892,COMPLETE
106,0.00023866851483065948,2026-08-10 11:13:48.301117,2026-08-10 11:13:51.879914,0 days 00:00:03.578797,3,3.403742904978063,0.01155198682546896,1.2093655477176082e-08,0.8976487721705511,COMPLETE
107,0.0014579097309500033,2026-08-10 11:13:51.892973,2026-08-10 11:13:55.908109,0 days 00:00:04.015136,3,3.4595833003890304,0.010258663471624747,1.0649429433674362e-08,0.8996050079208746,COMPLETE
108,0.003836294978178321,2026-08-10 11:13:55.922468,2026-08-10 11:13:59.425358,0 days 00:00:03.502890,3,2.6601087235998415,0.011786141987472572,7.277010962444572e-08,0.9118825016736748,COMPLETE
109,0.00840943627089387,2026-08-10 11:13:59.435828,2026-08-10 11:14:02.932003,0 days 00:00:03.496175,3,2.429650865390223,0.012726942437761835,1.4399693178244616e-07,0.8896695768033812,COMPLETE
110,0.00207090917560278,2026-08-10 11:14:02.943702,2026-08-10 11:14:06.375230,0 days 00:00:03.431528,3,2.9695435646257065,0.016542807656031736,5.1359455999558044e-08,0.8947132641291625,COMPLETE
111,0.0018600532167926081,2026-08-10 11:14:06.384971,2026-08-10 11:14:09.823429,0 days 00:00:03.438458,3,3.810420501051534,0.011069561327830522,3.080246509192648e-08,0.9111942018422814,COMPLETE
112,0.0013611454033984791,2026-08-10 11:14:09.833315,2026-08-10 11:14:13.221812,0 days 00:00:03.388497,3,3.343124410107175,0.013641472496747029,1.4485000742710593e-08,0.8784451641307982,COMPLETE
