number,value,datetime_start,datetime_complete,duration,params_colsample_bytree,params_gamma,params_huber_slope,params_learning_rate,params_max_depth,params_min_child_weight,params_reg_alpha,params_reg_lambda,params_subsample,state
258,4.331765477755769,2026-08-10 15:02:31.529157,2026-08-10 15:02:35.544796,0 days 00:00:04.015639,0.7934640208165042,1.3676744110413909e-05,0.33691551689197413,0.1999015640532196,4,11,0.10033996991005248,4.91508908273431,0.6744735056732512,COMPLETE
259,0.00016434118011955098,2026-08-10 15:02:35.555866,2026-08-10 15:02:40.111515,0 days 00:00:04.555649,0.7563670880132537,4.353289687818133e-06,0.3958327382341432,0.17071567614108374,4,11,0.12268200508506591,7.167769205873668,0.6448669032417625,COMPLETE
260,9576.425755803682,2026-08-10 15:02:40.123481,2026-08-10 15:02:45.271964,0 days 00:00:05.148483,0.7281283182876584,4.90608296636267e-06,0.3020145029113901,0.16927331693647635,4,12,1.2793309346052355,7.035698262466548,0.6129759237483176,COMPLETE
261,0.00015766572699035868,2026-08-10 15:02:45.282923,2026-08-10 15:02:49.416198,0 days 00:00:04.133275,0.7516039461715127,3.75494607789991e-06,0.38484802791486694,0.17320223208503824,4,11,0.1133689956788955,5.992534262208986,0.6397318517056082,COMPLETE
262,2.8129149269079248,2026-08-10 15:02:49.427308,2026-08-10 15:02:53.914227,0 days 00:00:04.486919,0.7531935841526977,6.485432815280874e-06,0.36508165251912045,0.16667139859187088,4,11,0.1280490320086919,5.668026559462751,0.643073201201557,COMPLETE
263,8869.658177678682,2026-08-10 15:02:53.925018,2026-08-10 15:02:59.138872,0 days 00:00:05.213854,0.7778440274929239,3.4338723856790883e-06,0.26963225024525006,0.16423228380690982,4,11,0.1137289418978007,4.06762912531954,0.6342039465247761,COMPLETE
264,2086.0160878349334,2026-08-10 15:02:59.149731,2026-08-10 15:03:04.321843,0 days 00:00:05.172112,0.760430256876567,9.122310970461084e-06,0.3295139069501099,0.18040535670619606,4,11,0.1240611928672821,6.248350205827017,0.6592529984113203,COMPLETE
265,10603.411107366182,2026-08-10 15:03:04.332639,2026-08-10 15:03:09.486916,0 days 00:00:05.154277,0.7849832879164088,1.570514371081759e-05,0.3817582593166738,0.015377994974351076,4,11,0.11400616113134178,4.7607597948573135,0.6501866810693804,COMPLETE
266,2.2806866813692657,2026-08-10 15:03:09.497771,2026-08-10 15:03:14.595638,0 days 00:00:05.097867,0.8092254280798807,5.320819621572067e-06,0.3519117269483933,0.18895463682147462,4,11,0.12729971132405923,6.383981285827057,0.6035300230391271,COMPLETE
267,0.00015992087745753694,2026-08-10 15:03:14.605893,2026-08-10 15:03:19.652142,0 days 00:00:05.046249,0.7492585010450887,3.7111668670989876e-06,0.3857232516071025,0.17324027709529208,4,11,0.11049332714613644,7.403124238599063,0.6241455456600501,COMPLETE
268,0.00015861936177527297,2026-08-10 15:03:19.663674,2026-08-10 15:03:24.857725,0 days 00:00:05.194051,0.7406055131818499,6.729496482924124e-06,0.3812811700601411,0.15960503392960226,4,12,0.11211899952314616,7.077801844795493,0.6389997698275767,COMPLETE
269,9688.232396428682,2026-08-10 15:03:24.869191,2026-08-10 15:03:30.037814,0 days 00:00:05.168623,0.723936102038232,1.0661121842371706e-05,0.3048418404465001,0.1591178054997489,4,12,0.11223320399413453,7.136052450512538,0.6216098277221405,COMPLETE
270,0.00023491118451285823,2026-08-10 15:03:30.049225,2026-08-10 15:03:34.684114,0 days 00:00:04.634889,0.752657950453987,2.1484270369637448e-05,0.37468564097904733,0.16100344092950974,4,12,0.12921624378291935,5.807378284068907,0.6368660596863817,COMPLETE
271,3995.789037053683,2026-08-10 15:13:34.793644,2026-08-10 15:13:40.226614,0 days 00:00:05.432970,0.7407210206985754,6.590663106851003e-06,0.33568346136502397,0.17407056306800772,4,12,0.11194060962922307,7.081562404909786,0.6292574198500782,COMPLETE
272,3.5136524986241597,2026-08-10 15:13:40.241481,2026-08-10 15:13:43.889080,0 days 00:00:03.647599,0.7966388288503975,8.447183585353253e-06,0.387290334572622,0.17111784371041427,4,11,0.13093545232806583,5.385652368488582,0.6435510592765415,COMPLETE
273,2730.0854726005578,2026-08-10 15:13:43.900352,2026-08-10 15:13:49.019808,0 days 00:00:05.119456,0.75231270197496,4.675599995855117e-06,0.3421350999803313,0.15843863764196664,4,12,0.10002828529331921,6.411828729294096,0.6477687040653359,COMPLETE
274,779.5152333427459,2026-08-10 15:13:49.030625,2026-08-10 15:13:54.157933,0 days 00:00:05.127308,0.7775243168303669,3.683751941455178e-06,0.38021675230623775,0.16705053499640224,4,11,0.11194351784838578,7.577160902771435,0.6017804761674915,COMPLETE
275,6228.635228459933,2026-08-10 15:13:54.168874,2026-08-10 15:13:59.311486,0 days 00:00:05.142612,0.7873269391746204,5.462448476266246e-06,0.2847443936657964,0.1753884335044078,4,11,0.1277741157297359,4.761194047003938,0.6607586434095265,COMPLETE
276,0.00025719320611675665,2026-08-10 15:13:59.323022,2026-08-10 15:14:04.148294,0 days 00:00:04.825272,0.7617380626907659,6.745190972506415e-06,0.40294502980850516,0.15718179194890766,4,10,0.1440599110821136,7.105491197622679,0.6228835579848219,COMPLETE
277,5502.594701116183,2026-08-10 15:14:04.159350,2026-08-10 15:14:09.399029,0 days 00:00:05.239679,0.7445969473500977,1.3629038010233244e-05,0.32038446532076253,0.1697798150933296,4,12,0.1127229325200596,5.580457205885107,0.5354940387661704,COMPLETE
278,2448.9887440849334,2026-08-10 15:14:09.410094,2026-08-10 15:14:14.554294,0 days 00:00:05.144200,0.7776829896843359,3.0152199254716073e-06,0.3551081950378198,0.18124582851604684,4,11,0.10005689288165946,7.976937575317307,0.6344541719479893,COMPLETE
279,0.00016945725582443835,2026-08-10 15:14:14.564964,2026-08-10 15:14:18.370983,0 days 00:00:03.806019,0.799650148509514,4.0755578035457034e-06,0.40681456605237837,0.19932844159253107,4,11,0.12576417923113628,6.32332889461393,0.6148689403820441,COMPLETE
280,11242.669896428682,2026-08-10 15:14:18.381762,2026-08-10 15:14:23.658784,0 days 00:00:05.277022,0.7611053532904728,0.9173739711669903,0.3645163405767871,0.03205470437171017,4,11,10.654055148801692,7.363944691382581,0.6836636100065114,COMPLETE
281,0.00026100784447605755,2026-08-10 15:14:23.669494,2026-08-10 15:14:28.600107,0 days 00:00:04.930613,0.7901762305061033,1.0644385382410737e-05,0.4111526895741798,0.162058329729336,4,11,0.14515344645982844,8.284448555655393,0.6530550838019237,COMPLETE
282,3.6496499229462436,2026-08-10 15:14:28.611476,2026-08-10 15:14:31.051733,0 days 00:00:02.440257,0.7787181836706769,7.515778473543829e-06,0.49159734582554976,0.17612557468613843,4,10,0.11529002898634294,6.676424517515844,0.6394780646672289,COMPLETE
283,3159.5602772880584,2026-08-10 15:14:31.062498,2026-08-10 15:14:36.267679,0 days 00:00:05.205181,0.8100109445846801,4.96667594620427e-06,0.315901880421621,0.1896626199133125,4,11,0.1299246276714932,5.866224565911222,0.6307093079655146,COMPLETE
284,0.00015594918614113664,2026-08-10 15:14:36.278317,2026-08-10 15:14:40.129152,0 days 00:00:03.850835,0.7661385630849477,3.2067034578346378e-06,0.37871549262058507,0.17075767592623708,4,12,0.11317416905162063,5.14948184426757,0.6628620514748743,COMPLETE
285,0.00014622214979226892,2026-08-10 15:14:40.141039,2026-08-10 15:14:44.544328,0 days 00:00:04.403289,0.7331496797776395,3.0416469339683862e-06,0.353655293645584,0.15651188851027062,4,12,0.11157015749222408,4.330735305562057,0.6497100501696992,COMPLETE
