number,value,datetime_start,datetime_complete,duration,params_colsample_bytree,params_gamma,params_huber_slope,params_learning_rate,params_max_depth,params_min_child_weight,params_reg_alpha,params_reg_lambda,params_subsample,state
172,0.00019234471149251852,2026-08-10 11:41:26.965228,2026-08-10 11:41:30.887354,0 days 00:00:03.922126,0.444701304767896,1.2161751233205162e-06,0.4635831752426759,0.1653127180831456,4,5,0.1348546453649875,11.207943234257929,0.731154683776565,COMPLETE
173,0.00018948376991713862,2026-08-10 11:41:30.898217,2026-08-10 11:41:34.173406,0 days 00:00:03.275189,0.4558438148740918,6.480686507743051e-07,0.4566168283334996,0.1691036479912616,4,5,0.13869769906876842,8.816368079858071,0.7277193306218306,COMPLETE
174,0.0001815067212360529,2026-08-10 11:41:34.183886,2026-08-10 11:41:37.785673,0 days 00:00:03.601787,0.45822803077289237,6.1286744001332e-07,0.4416700383807803,0.17441284958673575,4,5,0.13270012909289813,8.863392403621253,0.7099851676458123,COMPLETE
175,17839.477513616184,2026-08-10 11:41:37.797715,2026-08-10 11:41:42.984324,0 days 00:00:05.186609,0.45857129934830904,6.638015732274226e-07,0.25942920976591904,0.187163975326561,4,5,0.12452177161316577,8.774077042570628,0.709944278133687,COMPLETE
176,0.0001780400297678255,2026-08-10 11:41:42.995900,2026-08-10 11:41:48.836510,0 days 00:00:05.840610,0.44761896038074467,3.0700278501547357e-07,0.4278983547768263,0.17445252653746163,4,5,0.13491054929735144,9.718862599932711,0.7290373713503592,COMPLETE
177,0.0002635209349008356,2026-08-10 11:41:48.847501,2026-08-10 11:41:53.622328,0 days 00:00:04.774827,0.4505309876244191,3.1785401426461855e-07,0.4310456157195901,0.17302068155433054,4,4,0.16666408521657455,10.003516369918739,0.7332765856631829,COMPLETE
178,2.9955790687592936,2026-08-10 11:41:53.633461,2026-08-10 11:41:58.346368,0 days 00:00:04.712907,0.46176620328189916,4.7251477106317144e-07,0.3729591657199819,0.1854471416016744,4,5,0.13896492365984528,7.919661622209471,0.7262338932044781,COMPLETE
179,0.00019199682665625316,2026-08-10 11:41:58.357263,2026-08-10 11:42:02.273403,0 days 00:00:03.916140,0.4452667557716184,6.337686510394899e-07,0.46055650195182046,0.17089713007825447,4,5,0.1309740648885876,11.449184122263057,0.7478253083051608,COMPLETE
180,0.00026256727487241585,2026-08-10 11:42:02.283655,2026-08-10 11:42:07.057240,0 days 00:00:04.773585,0.688531651402844,6.978629634916959e-07,0.43004966105079756,0.17303150796752767,4,5,0.167599770435646,11.065291764945915,0.7104187307553594,COMPLETE
181,5526.0282948661825,2026-08-10 11:51:38.296232,2026-08-10 11:51:45.822424,0 days 00:00:07.526192,0.44929603568049353,2.6273450272145835e-07,0.32272247062519505,0.19996959996712926,4,5,0.14950484752249465,9.41227609655292,0.7451682498069125,COMPLETE
182,0.00019104317929280245,2026-08-10 11:51:45.834651,2026-08-10 11:51:49.388775,0 days 00:00:03.554124,0.43951283020951243,5.015104069089366e-07,0.46000216436948727,0.15041231969879845,4,5,0.12912814911934267,8.84017941831691,0.7300848217964809,COMPLETE
183,0.00018532130093753914,2026-08-10 11:51:49.399565,2026-08-10 11:51:53.327353,0 days 00:00:03.927788,0.47253625480487854,5.273701378520474e-07,0.45697145483422325,0.18108086723379,4,5,0.11658040663407528,11.946379528944098,0.7360324228187052,COMPLETE
184,575.1404774833707,2026-08-10 11:51:53.337878,2026-08-10 11:51:58.275331,0 days 00:00:04.937453,0.47503927118958816,4.353787857948906e-07,0.4010213003084403,0.18260677600388373,4,5,0.12627898823892494,11.81523134302918,0.7411249099553523,COMPLETE
185,0.00018166387569876422,2026-08-10 11:51:58.285837,2026-08-10 11:52:04.487953,0 days 00:00:06.202116,0.43246548799203854,5.665244430857675e-07,0.44876087164711065,0.17017499040141376,4,5,0.11602669379853356,13.151679661343122,0.732308830239209,COMPLETE
186,6864.420384709934,2026-08-10 11:52:04.505843,2026-08-10 11:52:09.594091,0 days 00:00:05.088248,0.46231262328896416,6.333247794278891e-07,0.3533893380771194,0.1702760808802708,4,4,0.11574385856877441,13.328444342239507,0.7296418664598578,COMPLETE
187,5689.4521229911825,2026-08-10 11:52:09.605000,2026-08-10 11:52:14.580880,0 days 00:00:04.975880,0.4420804724957958,3.663257514751236e-07,0.4512215333783261,0.04533008335634276,4,5,0.11540267288309372,10.556920108022465,0.7160595274670615,COMPLETE
188,2703.502660100558,2026-08-10 11:52:14.591384,2026-08-10 11:52:20.320896,0 days 00:00:05.729512,0.4272467154350948,1.2120671348841684e-06,0.3963994555961315,0.15254685481067834,4,5,0.13623068463570528,11.90141266943903,0.747236572130293,COMPLETE
189,0.0002705444476418154,2026-08-10 11:52:20.331797,2026-08-10 11:52:24.227966,0 days 00:00:03.896169,0.46831051184105726,2.2944286008372557e-07,0.431483733659073,0.1680587701632124,4,5,0.1666485959033484,9.268393515115788,0.734953034814843,COMPLETE
190,2779.721165959933,2026-08-10 11:52:24.238502,2026-08-10 11:52:29.215520,0 days 00:00:04.977018,0.43451673351408165,5.015482785998702e-07,0.3731212729982819,0.17915594003430346,4,4,0.11609021190620585,10.78170601557698,0.7095910494933094,COMPLETE
191,0.00018856369750054608,2026-08-10 11:52:29.225894,2026-08-10 11:52:34.200747,0 days 00:00:04.974853,0.4458029563781771,9.335631426425355e-07,0.4544401816221604,0.1533884125271299,4,5,0.15331866755240173,12.801269425541866,0.7223772565226675,COMPLETE
192,236.75438434372236,2026-08-10 11:52:34.211224,2026-08-10 11:52:39.180513,0 days 00:00:04.969289,0.4448281528956859,7.702621773342471e-07,0.45482910575837693,0.15150893882446123,4,5,0.15351617504471846,13.58251943310894,0.721478820900696,COMPLETE
193,0.0001799473166867182,2026-08-10 11:52:39.191041,2026-08-10 11:52:44.103681,0 days 00:00:04.912640,0.46120943648010687,1.1120423242445328e-06,0.4307974174255028,0.16680041470933857,4,5,0.13624426362974512,11.860462618314562,0.7281715611856431,COMPLETE
194,239.88258868942543,2026-08-10 11:52:44.113859,2026-08-10 11:52:49.034965,0 days 00:00:04.921106,0.45887236147207366,1.2817736756608401e-06,0.41211247896704206,0.14185139548277478,4,5,0.11340915366391202,9.57056398022334,0.7333445932394291,COMPLETE
195,6874.326048772433,2026-08-10 11:52:49.045607,2026-08-10 11:52:54.008893,0 days 00:00:04.963286,0.4797587566419107,9.585567378349984e-07,0.35089933687710395,0.17887290285932733,4,5,0.17780126742904034,13.528191270802763,0.7283753494726155,COMPLETE
196,0.00022442097331101888,2026-08-10 11:58:23.977874,2026-08-10 11:58:27.089145,0 days 00:00:03.111271,0.457089348686772,3.087398952265184e-07,0.550689910919908,0.15554148926424868,4,5,0.1336749026365804,7.1485709366545995,0.7408808536279827,COMPLETE
197,947.2673695732146,2026-08-10 11:58:27.101522,2026-08-10 11:58:32.065655,0 days 00:00:04.964133,0.46910820129985537,1.053469543249192e-06,0.4141791492120983,0.16644727188068306,4,6,0.15716930688347808,12.563244788503557,0.7530814179175349,COMPLETE
198,1178.424657170871,2026-08-10 11:58:32.076304,2026-08-10 11:58:37.038290,0 days 00:00:04.961986,0.444699386982965,6.907265536081142e-07,0.3866922340165497,0.14769409249618826,4,11,0.11485712391116765,8.7257829209324,0.7180002544198268,COMPLETE
199,0.00018722859258475994,2026-08-10 11:58:37.049100,2026-08-10 11:58:40.576808,0 days 00:00:03.527708,0.4326075189113823,1.2827376983108232e-06,0.45456833733994223,0.19054964280293898,4,5,0.12676027214295424,10.275462663547776,0.6966234182631377,COMPLETE
200,4634.765599553683,2026-08-10 11:58:40.588212,2026-08-10 11:58:45.576225,0 days 00:00:04.988013,0.4352276316090848,1.5549926274052015e-07,0.3432248977140709,0.19294044774062108,4,5,0.12435131743910675,9.957203398854546,0.69496592221835,COMPLETE
201,1448.205272405246,2026-08-10 11:58:45.586911,2026-08-10 11:58:50.658819,0 days 00:00:05.071908,0.8918145656116018,4.5366997954563913e-07,0.42761077035602413,0.181671540291158,4,5,0.1748368638036848,14.580393873839773,0.682372091496967,COMPLETE
202,0.00028736246643284855,2026-08-10 11:58:50.668974,2026-08-10 11:58:55.588289,0 days 00:00:04.919315,0.45034261013362853,1.4530504666388723e-06,0.45639631537337505,0.17352298807336355,4,5,0.14055967130809696,11.683165448427754,0.5923873748952444,COMPLETE
203,0.00023049079219628809,2026-08-10 11:58:55.598738,2026-08-10 11:58:57.122019,0 days 00:00:01.523281,0.43383897824198664,8.148889222711027e-07,0.5612377757343868,0.16201678181173645,4,5,0.11129751404848157,5.91833245467815,0.7248200414284329,COMPLETE
204,0.0001862749466152753,2026-08-10 11:58:57.132573,2026-08-10 11:59:00.358377,0 days 00:00:03.225804,0.4424660309342449,1.0905587674582834e-06,0.46300580367910454,0.19144610669166423,4,5,0.13366301083297674,10.681356950042085,0.7406065578260608,COMPLETE
205,0.00016148026893158493,2026-08-10 11:59:00.368803,2026-08-10 11:59:04.728348,0 days 00:00:04.359545,0.45971482019716586,9.174600490078379e-07,0.38818232517077916,0.19830046013120514,4,5,0.12538398440696027,8.857808729614383,0.7137992395501024,COMPLETE
206,0.00015575845887277318,2026-08-10 11:59:04.738572,2026-08-10 11:59:09.588684,0 days 00:00:04.850112,0.4669546683111392,5.068866731040674e-07,0.3764714884856172,0.19803352201395233,4,5,0.12740187713986711,8.853225109172005,0.7024984964825114,COMPLETE
207,2.7589651893591034,2026-08-10 11:59:09.599069,2026-08-10 11:59:14.338849,0 days 00:00:04.739780,0.4786533143667849,3.9258578469917747e-07,0.377081320748749,0.1995576612471915,4,10,0.11032737532034226,8.535546517119393,0.6980264060849775,COMPLETE
208,2822.7718983818077,2026-08-10 11:59:14.349324,2026-08-10 11:59:19.328518,0 days 00:00:04.979194,0.46155140288215485,9.63258017454678e-07,0.3229371102435821,0.1903590641080365,4,5,0.15313702394506928,6.998696108612859,0.7120491588563613,COMPLETE
209,0.00016659633792913327,2026-08-10 11:59:19.340190,2026-08-10 11:59:23.436926,0 days 00:00:04.096736,0.4687384950009342,1.4752874259375413e-06,0.40019675162497614,0.1992099634792182,4,4,0.12485937101005008,8.787873676387035,0.7041380744911834,COMPLETE
210,2.9275128532441648,2026-08-10 11:59:23.447792,2026-08-10 11:59:26.784601,0 days 00:00:03.336809,0.4719202389158051,1.7657171519164504e-06,0.3795573167012928,0.19897536137528526,4,4,0.11243893065974615,6.258445373800685,0.7022938339739797,COMPLETE
211,0.00024861027641773714,2026-08-10 12:02:36.431302,2026-08-10 12:02:40.185691,0 days 00:00:03.754389,0.6177163347882055,1.3366930442309442e-06,0.4099524966807693,0.18837100330885115,4,4,0.14839471065460114,7.625796163970669,0.6916361836612575,COMPLETE
212,0.00017197029480087313,2026-08-10 12:02:40.198067,2026-08-10 12:02:44.438148,0 days 00:00:04.240081,0.4578004835025991,5.630998018847583e-07,0.4147712565171004,0.18650022234373098,4,5,0.12301031854026465,9.815814561718762,0.7184242782630468,COMPLETE
213,3021.2030995536834,2026-08-10 12:02:44.448710,2026-08-10 12:02:49.387506,0 days 00:00:04.938796,0.4581621880778186,8.602935805180494e-07,0.3603817156086362,0.185015384677494,4,6,0.12197614085838512,10.196237438064728,0.718557308725086,COMPLETE
214,0.00017327181841464044,2026-08-10 12:02:49.397819,2026-08-10 12:02:53.747771,0 days 00:00:04.349952,0.4723042896793931,2.520896344340839e-06,0.4223082706231873,0.18741142822758225,4,5,0.10103598890046292,9.39912021212364,0.7055823628905826,COMPLETE
215,0.00016624845638188405,2026-08-10 12:02:53.758385,2026-08-10 12:02:58.038982,0 days 00:00:04.280597,0.48514972938011847,2.8087189312233224e-06,0.41418451290889946,0.1931420952039671,4,5,0.10055326452377202,10.003743025548316,0.7048454062379063,COMPLETE
216,12511.091771428682,2026-08-10 12:02:58.049973,2026-08-10 12:03:03.114096,0 days 00:00:05.064123,0.4861325486136321,2.626369753786703e-06,0.28700524784636194,0.19758798975544128,4,5,0.10350264987997444,9.818125886344003,0.7086649464037955,COMPLETE
217,1.9912699531531939,2026-08-10 12:03:03.125997,2026-08-10 12:03:06.936575,0 days 00:00:03.810578,0.47008631995466965,2.5419546853312994e-06,0.41064155062474794,0.18652459868407245,4,4,0.10644046733221285,7.542143312371757,0.6791329725159175,COMPLETE
218,5176.926732366183,2026-08-10 12:03:06.947432,2026-08-10 12:03:12.244032,0 days 00:00:05.296600,0.4736184068561577,1.5494378250644857e-06,0.33784249503605907,0.1991408201000567,4,5,0.11785968035598685,10.223944055394224,0.6993534675435618,COMPLETE
219,0.00016052663275420784,2026-08-10 12:03:12.256234,2026-08-10 12:03:17.253381,0 days 00:00:04.997147,0.7909144651701089,1.8547923263068984e-06,0.39036744035396564,0.18167911242618798,4,12,0.10603434062550407,8.335322636137795,0.6868777294224913,COMPLETE
220,0.14029625168301124,2026-08-10 12:03:17.265370,2026-08-10 12:03:22.399281,0 days 00:00:05.133911,0.8038984073265565,5.7135318081612384e-06,0.3776120063632313,0.1817425149344422,4,12,0.10072658939870048,8.319638490311151,0.667838555716202,COMPLETE
221,5374.627415959933,2026-08-10 12:03:22.409513,2026-08-10 12:03:27.515446,0 days 00:00:05.105933,0.7908938574271706,2.9290890609279514e-06,0.3059754499036262,0.18051724110765158,4,12,0.10162337925086087,6.510681766803843,0.7086015002077215,COMPLETE
222,0.00016983871089088293,2026-08-10 12:03:27.526528,2026-08-10 12:03:32.130995,0 days 00:00:04.604467,0.770515242488294,1.850503376999173e-06,0.40976689129635957,0.1867159096089177,4,11,0.1221625319046808,9.579546861061223,0.6913857203546104,COMPLETE
223,0.0001681557342859656,2026-08-10 12:03:32.141633,2026-08-10 12:03:36.539787,0 days 00:00:04.398154,0.7775451330050833,3.779386638067996e-06,0.4060724127057718,0.18858551641133386,4,6,0.11884830061083718,8.890104515584708,0.6876743344330324,COMPLETE
224,0.00016564269943712798,2026-08-10 12:03:36.550613,2026-08-10 12:03:41.405611,0 days 00:00:04.854998,0.781253261551029,3.856599776427429e-06,0.4019119492991543,0.1761593718713164,4,11,0.11488597984750776,8.983732489907792,0.682989276076013,COMPLETE
225,2.692136461636945,2026-08-10 12:03:41.415944,2026-08-10 12:03:45.092999,0 days 00:00:03.677055,0.7727309698851165,3.846254770564047e-06,0.39693800656084516,0.19997857352725515,4,11,0.12015615738494,7.378217555516945,0.690930611832423,COMPLETE
226,3214.0084706474327,2026-08-10 13:19:14.168083,2026-08-10 13:19:19.640716,0 days 00:00:05.472633,0.778173689482098,2.011091499178135e-06,0.35373048640881555,0.17663150757204255,4,11,0.12017280337492851,8.862468674710154,0.6869509608027867,COMPLETE
227,0.00015766572699035868,2026-08-10 13:19:19.654254,2026-08-10 13:19:24.546879,0 days 00:00:04.892625,0.7615331248014988,1.0049358529941668e-05,0.395058915839466,0.17675652783643964,4,11,0.10065888511757605,8.448599462337329,0.7016157431334487,COMPLETE
228,4628.338353459933,2026-08-10 13:19:24.557690,2026-08-10 13:19:30.095574,0 days 00:00:05.537884,0.7626882822085789,1.246720437792028e-05,0.3298700814788419,0.17367307326766745,4,11,0.10309256632582024,7.796047864518314,0.7035554056875828,COMPLETE
229,3.487008779147429,2026-08-10 13:19:30.105640,2026-08-10 13:19:34.019182,0 days 00:00:03.913542,0.7514004670694564,5.883883841157212e-06,0.3847654217251634,0.18894065379169553,4,12,0.12372277902456744,6.7687568429640255,0.6874400551893022,COMPLETE
230,0.00017006301377655778,2026-08-10 13:19:34.029968,2026-08-10 13:19:38.693043,0 days 00:00:04.663075,0.7697318340047868,4.14902250851708e-06,0.4106145335359464,0.17693661591154164,4,11,0.10045968126734689,8.929018236715544,0.6730642974849262,COMPLETE
231,2657.1020253349334,2026-08-10 13:19:38.706100,2026-08-10 13:19:46.161951,0 days 00:00:07.455851,0.7865243867776591,7.483599053127731e-06,0.3626630033013171,0.17481230743403045,4,11,0.10138846583771799,8.84515582212917,0.6665035460771411,COMPLETE
232,0.0001691093738363029,2026-08-10 13:19:46.172495,2026-08-10 13:19:50.042281,0 days 00:00:03.869786,0.7664698591827716,3.1101294125508654e-06,0.41743726706272577,0.1875601435849451,4,11,0.10050624833705936,8.118720424748023,0.6737699853111905,COMPLETE
233,0.00016148026893158493,2026-08-10 13:19:50.052811,2026-08-10 13:19:55.062139,0 days 00:00:05.009328,0.7688280110158681,4.162558243826049e-06,0.4035810111253914,0.17364814552539234,4,11,0.10127752606481037,9.23356253601368,0.6786423574560236,COMPLETE
234,0.0001681557342859656,2026-08-10 13:19:55.072676,2026-08-10 13:20:00.056533,0 days 00:00:04.983857,0.7701041070557235,4.810034855485583e-06,0.40858140664791603,0.1754635190538731,4,11,0.10008318200295252,9.402099001579753,0.676616859981075,COMPLETE
235,0.00016624845638188405,2026-08-10 13:20:00.067230,2026-08-10 13:20:04.760858,0 days 00:00:04.693628,0.7696337135476469,9.861784345176896e-06,0.40444760364162663,0.1783271832646407,4,11,0.1079757539843564,8.466504599255092,0.6570425240713328,COMPLETE
236,0.0001608745133479973,2026-08-10 13:20:04.771250,2026-08-10 13:20:10.062567,0 days 00:00:05.291317,0.7692209697032492,9.630095591285963e-06,0.3957332587366474,0.18696206445098948,4,11,0.10153937695928808,9.316788716219996,0.6581300377387842,COMPLETE
237,1.6793969322239206,2026-08-10 13:20:10.073069,2026-08-10 13:20:14.481838,0 days 00:00:04.408769,0.7683234226571837,5.697048134106284e-06,0.3898126068822572,0.1986463810376705,4,11,0.1038656095166392,8.171853580292582,0.6555517954365646,COMPLETE
238,2622.247777288058,2026-08-10 13:20:14.492092,2026-08-10 13:20:19.618748,0 days 00:00:05.126656,0.7579133073455933,9.476815474133575e-06,0.33307862688801404,0.1850557714854897,4,11,0.10143009758834019,7.039665065148282,0.6727019905643277,COMPLETE
239,3.4779465843232105,2026-08-10 13:20:19.628857,2026-08-10 13:20:24.333146,0 days 00:00:04.704289,0.743829406354398,1.0453697583795996e-05,0.3557445738718784,0.18942958116134162,4,11,0.11034291677349979,5.972997584090545,0.6542272970733871,COMPLETE
240,0.00015766572699035868,2026-08-10 13:20:24.343903,2026-08-10 13:20:30.333626,0 days 00:00:05.989723,0.7794119825765438,7.5944770395790395e-06,0.394599826770043,0.17986245315213395,4,11,0.10031868877293537,9.294257026781613,0.6772907624401578,COMPLETE
241,8896.612279241182,2026-08-10 13:36:07.749469,2026-08-10 13:36:14.386708,0 days 00:00:06.637239,0.7820152890694131,1.9538175624581913e-05,0.30753756331083,0.19986131996287504,4,11,0.10504215134572391,9.380761102692858,0.6745830756635991,COMPLETE
242,1208.4660390068084,2026-08-10 13:36:14.400507,2026-08-10 13:36:19.558392,0 days 00:00:05.157885,0.7709230180743198,7.88000143056369e-06,0.37834248334508397,0.17965278536447443,4,11,0.10051602480995313,9.395898365873933,0.6797940370599107,COMPLETE
243,0.00016850361612963431,2026-08-10 13:36:19.569556,2026-08-10 13:36:23.919527,0 days 00:00:04.349971,0.7973355547379348,1.1106372536329886e-05,0.4112987913026969,0.17941057857143455,4,11,0.11489276093715418,8.150071101090957,0.6638555424633399,COMPLETE
244,2.5719636131319095,2026-08-10 13:36:23.931357,2026-08-10 13:36:28.099279,0 days 00:00:04.167922,0.7976687821245254,1.4193515317874741e-05,0.40367793551155207,0.18706749975070466,4,11,0.11550053301666123,8.016558199183029,0.6652536091321029,COMPLETE
245,0.00015575845887277318,2026-08-10 13:36:28.109916,2026-08-10 13:36:32.685198,0 days 00:00:04.575282,0.7820939496626739,3.893638004190897e-06,0.3855897046296464,0.1800577216039334,4,11,0.10051199007352825,7.183738573537692,0.6462385584416958,COMPLETE
246,1025.3937733818084,2026-08-10 13:36:32.696521,2026-08-10 13:36:37.866961,0 days 00:00:05.170440,0.7762607889079186,4.435144224855851e-06,0.3575428417594294,0.17821515581912895,4,11,0.10066376910577736,7.3556466000148255,0.6516551352268877,COMPLETE
247,3.3144181419404126,2026-08-10 13:36:37.877916,2026-08-10 13:36:41.905063,0 days 00:00:04.027147,0.7891124002973641,8.273921352305778e-06,0.3917750311825137,0.1786588691412452,4,11,0.10047763795321298,6.598203052536605,0.6665835126773825,COMPLETE
248,3997.3715077568077,2026-08-10 13:36:41.915742,2026-08-10 13:36:47.118615,0 days 00:00:05.202873,0.7593207887870274,1.1978282148173218e-05,0.3396705845558508,0.19017565009105594,4,11,0.11438942324774352,8.28075374123352,0.6449732311211912,COMPLETE
249,0.00016659633792913327,2026-08-10 13:36:47.130444,2026-08-10 13:36:50.913185,0 days 00:00:03.782741,0.7852550952752958,5.174741169092998e-06,0.39966277986794296,0.1639937890249174,4,11,0.11797619879421123,5.430150411762536,0.6309561439673402,COMPLETE
250,2.3073025535559544,2026-08-10 13:36:50.924990,2026-08-10 13:36:55.869883,0 days 00:00:04.944893,0.7852256292347857,6.3530687853625495e-06,0.36786497121505995,0.16817527588328168,4,11,0.10042594978926064,5.923598650919068,0.6190029311400956,COMPLETE
251,0.00016659633792913327,2026-08-10 13:36:55.881654,2026-08-10 13:36:59.439996,0 days 00:00:03.558342,0.7716822526521275,3.894432406842867e-06,0.4010505076859832,0.19920624226825157,4,11,0.11816795478203898,5.635267118352853,0.6381026022879674,COMPLETE
252,427.88785297165197,2026-08-10 13:36:59.460490,2026-08-10 13:37:05.590644,0 days 00:00:06.130154,0.8187964655210301,4.566555769341722e-06,0.32291018764176455,0.194878857007986,4,11,0.11591762940621379,5.526624167420609,0.6389790137532264,COMPLETE
253,5.113147051236372,2026-08-10 13:37:05.601633,2026-08-10 13:37:08.546452,0 days 00:00:02.944819,0.7665937704725231,3.5742813370525544e-06,0.3841573687733688,0.19969249259569946,4,11,0.11711446767184383,4.366743995868423,0.6272009703685293,COMPLETE
254,0.00016564269943712798,2026-08-10 13:37:08.557601,2026-08-10 13:37:11.795061,0 days 00:00:03.237460,0.7774189219172317,7.465714017476356e-06,0.4050140961869389,0.17890295843380058,4,11,0.10043216549971316,5.3364795317498155,0.6314219806337561,COMPLETE
255,3.098227803805669,2026-08-10 13:37:11.805976,2026-08-10 13:37:15.903412,0 days 00:00:04.097436,0.7816643799640933,9.216478974448434e-06,0.35939817932153617,0.17717708208032365,4,11,0.12096024909082254,5.191246925693498,0.6566969750442962,COMPLETE
256,2.2311001945528695,2026-08-10 15:02:22.685554,2026-08-10 15:02:26.205648,0 days 00:00:03.520094,0.8020083796869074,7.056528386467151e-06,0.39654637514569124,0.18012281799823449,4,11,0.11696017219481511,5.4644524386891895,0.6305818011175031,COMPLETE
257,7780671.193919865,2026-08-10 15:02:26.219814,2026-08-10 15:02:31.517560,0 days 00:00:05.297746,0.770655803486938,2.8728247004343205e-05,0.01528719673928372,0.1619180550365203,4,11,0.1122381089580771,6.375354338871315,0.6345562847184485,COMPLETE
