number,value,datetime_start,datetime_complete,duration,params_colsample_bytree,params_gamma,params_huber_slope,params_learning_rate,params_max_depth,params_min_child_weight,params_reg_alpha,params_reg_lambda,params_subsample,state
0,11010.425953604483,2026-08-09 21:48:20.725370,2026-08-09 21:48:25.581914,0 days 00:00:04.856544,0.6077004445466422,0.0018859031313778122,0.2870728842587175,0.0536291148458757,3,8,0.1939134520029301,2.49381005276746,0.7680447358577147,COMPLETE
1,279399.70642235444,2026-08-09 21:48:25.594795,2026-08-09 21:48:30.485214,0 days 00:00:04.890419,0.5475391252068162,5.601568496800902e-06,0.07839978876707134,0.029604242077069465,4,6,22.935693548668148,0.13705924090765947,0.6668638348417656,COMPLETE
2,4209.270289541982,2026-08-09 21:48:30.496282,2026-08-09 21:48:35.186072,0 days 00:00:04.689790,0.5437174360699903,7.604317080865989e-08,0.47429070935873485,0.02678115274919006,3,9,28.594580524809764,6.395378863496166,0.8878761419051096,COMPLETE
3,4757794.493922355,2026-08-09 21:48:35.197345,2026-08-09 21:48:40.078945,0 days 00:00:04.881600,0.6521571765428403,5.382269380042166e-08,0.01949965109486768,0.1298480776536758,4,9,3.4489553346035393,0.12349060446703444,0.672028012895497,COMPLETE
4,827480.7564223545,2026-08-09 21:48:40.090472,2026-08-09 21:48:44.919517,0 days 00:00:04.829045,0.5271899925281764,3.036019395617393e-08,0.04683665311404619,0.010644688486123585,4,9,23.563012655093466,0.10417766615074059,0.5667564586302447,COMPLETE
5,96463.27829735448,2026-08-09 21:48:44.930611,2026-08-09 21:48:49.889311,0 days 00:00:04.958700,0.545760883036073,0.19042950455364768,0.13596936900523615,0.013776965325276471,4,8,15.675052513691252,1.3636407214147999,0.6919322065486657,COMPLETE
6,4277134.7939223545,2026-08-09 21:48:49.899993,2026-08-09 21:48:50.234007,0 days 00:00:00.334014,0.4922616053811142,0.005610585512109489,0.02061995417394462,0.019313715434633352,3,12,41.0355262989804,0.12079507519136748,0.7822608141318319,COMPLETE
7,352195.4064223545,2026-08-09 21:48:50.244314,2026-08-09 21:48:55.005460,0 days 00:00:04.761146,0.8323112980233971,0.00016679681728902355,0.07085840831872033,0.054088696599831336,3,11,0.6866988195219815,0.45155100416586386,0.512119465001719,COMPLETE
8,418482.3876723545,2026-08-09 21:48:55.015701,2026-08-09 21:48:59.830204,0 days 00:00:04.814503,0.8350182142426799,0.030957337088867307,0.06589175647708184,0.010977979496119368,4,12,1.1464963265750197,3.599963805017312,0.7991727348149658,COMPLETE
9,0.005268599294338117,2026-08-09 21:48:59.840300,2026-08-09 21:49:02.651028,0 days 00:00:02.810728,0.817316727303061,0.019856962909548085,0.7205283309600754,0.017450903730710107,4,4,4.592243924034127,1.288418853027861,0.7414907780852824,COMPLETE
10,0.0003635266825980921,2026-08-09 21:49:02.661597,2026-08-09 21:49:03.503532,0 days 00:00:00.841935,0.4040987775085484,7.145353819883646e-06,0.951930355778786,0.1867808900014501,3,3,0.1022292796159738,15.798949484099778,0.913102930666869,COMPLETE
11,0.00038502385488499164,2026-08-09 21:49:03.513912,2026-08-09 21:49:05.193230,0 days 00:00:01.679318,0.7368310798686055,1.1278578311940365e-05,0.9370252390435673,0.19954906220885663,3,3,0.14388825901394395,42.66608389161597,0.9423704147416194,COMPLETE
12,0.00037548711172092914,2026-08-09 21:49:05.212518,2026-08-09 21:49:07.825102,0 days 00:00:02.612584,0.41670858538077593,5.164381930076075e-06,0.9955064637900798,0.17304208642058905,3,3,0.10934219052367902,39.50794313890311,0.9492077606294509,COMPLETE
13,15708.097437979482,2026-08-09 21:49:07.843269,2026-08-09 21:49:12.573809,0 days 00:00:04.730540,0.40984876997809633,2.162514539118321e-06,0.3193447492030942,0.1202759349919936,3,5,0.10911429709387485,37.38784072373071,0.8865039818484299,COMPLETE
14,1.7202838758036916,2026-08-09 21:49:12.584043,2026-08-09 21:49:13.219453,0 days 00:00:00.635410,0.4065581932980563,0.00010263716954597341,0.9804669438991924,0.1931210037049947,3,3,0.4000789602413569,10.77260203776688,0.9339530929955521,COMPLETE
15,1889.3070058039254,2026-08-09 21:51:44.700443,2026-08-09 21:51:49.769358,0 days 00:00:05.068915,0.46278972500002924,4.657324018826681e-07,0.4726557068021279,0.10220603285407924,3,5,0.3095223174610216,15.210129537961839,0.8438937552346001,COMPLETE
16,38358.54704486643,2026-08-09 21:51:49.781901,2026-08-09 21:51:54.820705,0 days 00:00:05.038804,0.45315541346365484,9.429681256943843e-05,0.21346497195899064,0.0821559334122444,3,3,0.2947446540445987,22.460561337846976,0.8523382835447542,COMPLETE
17,0.00023472070051511694,2026-08-09 21:51:54.831297,2026-08-09 21:51:58.235432,0 days 00:00:03.404135,0.4090136031439839,5.739391711573845e-07,0.5771750057809336,0.1501835370698792,3,5,0.10704186820531693,21.59737660043128,0.9451163644433157,COMPLETE
18,0.0008862677430028212,2026-08-09 21:51:58.245629,2026-08-09 21:52:01.858791,0 days 00:00:03.613162,0.6060923522222708,3.161843579568332e-07,0.5553152949510833,0.06981809571707331,3,6,0.9076004162330547,7.892951624664555,0.8789362180485553,COMPLETE
19,59984.40016986643,2026-08-09 21:52:01.869190,2026-08-09 21:52:06.976283,0 days 00:00:05.107093,0.4746144402876995,5.682742418585003e-07,0.17067598080814111,0.13846091201939467,3,5,0.5317579036227646,18.612847450241578,0.8275677104445953,COMPLETE
20,4994.2867909601755,2026-08-09 21:52:06.986538,2026-08-09 21:52:11.958123,0 days 00:00:04.971585,0.502016610342251,1.3027823397357789e-08,0.33648313604004304,0.08459308755539104,3,6,1.8323195328021742,5.408558182101191,0.9061069545029866,COMPLETE
21,0.00025684557343002884,2026-08-09 21:52:11.968405,2026-08-09 21:52:15.124260,0 days 00:00:03.155855,0.40209672258806833,5.655189518156681e-06,0.6373185223657409,0.16436566419774032,3,4,0.11468014188441969,29.421311940696917,0.9463252301871472,COMPLETE
22,0.000252268000151708,2026-08-09 21:52:15.135023,2026-08-09 21:52:18.004549,0 days 00:00:02.869526,0.40008916435498976,2.3229771885355465e-05,0.6161992078114193,0.15116395857110593,3,4,0.2150366295874679,20.315861421941307,0.9127844654565022,COMPLETE
23,0.00023472070023653605,2026-08-09 21:52:18.015310,2026-08-09 21:52:22.727334,0 days 00:00:04.712024,0.4490265340140545,3.4737664215085375e-05,0.5657347058189802,0.14410194366312573,3,4,0.2149047225741508,25.077808925347462,0.8514799501770671,COMPLETE
24,5449.774974553925,2026-08-09 21:52:22.737791,2026-08-09 21:52:27.810463,0 days 00:00:05.072672,0.4514209567234532,0.0003278965731344644,0.38859101064546114,0.09907022258592174,3,4,0.2147870505246151,11.675902856025228,0.8573913715036452,COMPLETE
25,30859.675169866427,2026-08-09 21:52:27.820941,2026-08-09 21:52:33.171995,0 days 00:00:05.351054,0.8925835239211618,3.228642448133381e-05,0.23387572821788674,0.14165815410995902,3,7,0.21997381304651198,26.539455392056453,0.8203728625715662,COMPLETE
26,12502486.393919867,2026-08-09 21:52:33.182663,2026-08-09 21:52:33.548036,0 days 00:00:00.365373,0.44919272679497646,0.0006770803083905503,0.010718881243658945,0.06472994076704992,3,5,0.37874049852941927,9.045441352204415,0.7367628089668301,COMPLETE
27,119210.87204486641,2026-08-09 21:52:33.558513,2026-08-09 21:52:38.620936,0 days 00:00:05.062423,0.5901893776981139,1.5133162955498873e-06,0.12318549029102153,0.11793231231257863,3,4,0.21173008066308352,48.91549019772808,0.9129568679079524,COMPLETE
28,0.0005987968062723818,2026-08-09 21:52:38.631582,2026-08-09 21:52:39.905916,0 days 00:00:01.274334,0.5064214857966969,2.281167437836978e-05,0.6414125555048658,0.10026021824583818,3,7,0.5498086340258397,4.222668243763753,0.8645589751441053,COMPLETE
29,16087.422630803927,2026-08-09 21:52:39.916857,2026-08-09 21:52:44.968010,0 days 00:00:05.051153,0.4397708203257673,0.001408195186735564,0.26962273250544416,0.04249828109385079,3,7,0.16202466636133325,2.4137160939992546,0.806439893401669,COMPLETE
30,,2026-08-10 10:06:21.910157,2026-08-10 10:06:22.032130,0 days 00:00:00.121973,0.5783056181310249,5.831794912070643e-05,0.4100309338433543,0.15359861815071021,3,4,1.3917984292947667,22.434287109154983,0.7600064726039434,FAIL
31,5688.024876897433,2026-08-10 10:09:17.682123,2026-08-10 10:09:22.811019,0 days 00:00:05.128896,0.649436869694091,1.6298480675412281e-07,0.39878256581038146,0.15460794262571323,3,4,1.467602464027805,22.55854494251052,0.9032802540336732,COMPLETE
32,0.00025856190371076527,2026-08-10 10:09:22.823948,2026-08-10 10:09:26.244278,0 days 00:00:03.420330,0.4288799747425143,4.0527051696133445e-05,0.6381185176280741,0.15428054568861246,3,4,0.14900784738224843,31.224107198036062,0.9476385672226846,COMPLETE
33,0.000273057540674237,2026-08-10 10:09:26.255166,2026-08-10 10:09:27.810090,0 days 00:00:01.554924,0.482230660384476,1.6169369789723214e-06,0.6660813566816732,0.1616765804181014,3,6,0.2494276157504921,13.046674991356607,0.9226716639535458,COMPLETE
34,1694.7426503349332,2026-08-10 10:09:27.820967,2026-08-10 10:09:32.777642,0 days 00:00:04.956675,0.4004737811977479,1.3294389805492724e-05,0.5326528563560611,0.11434989932546956,3,5,0.16155247586809118,26.601434732955628,0.8815592141251923,COMPLETE
35,6471.078587834933,2026-08-10 10:09:32.788938,2026-08-10 10:09:37.720835,0 days 00:00:04.931897,0.4339215169729904,4.041288791822691e-06,0.4125388023714149,0.08627214071065212,3,4,0.418683392498346,17.66895505755852,0.8964755381824887,COMPLETE
36,0.0003026210736022601,2026-08-10 10:09:37.731656,2026-08-10 10:09:40.411245,0 days 00:00:02.679589,0.5261748808413108,4.2127206537602205e-05,0.7743341546580269,0.13188363900179004,3,5,0.10117693484565532,30.585388734916584,0.8451265191434115,COMPLETE
37,17950.733372991184,2026-08-10 10:09:40.421688,2026-08-10 10:09:45.305055,0 days 00:00:04.883367,0.4743233034230173,1.4413829007889771e-07,0.281668554974063,0.16693899868685996,3,4,0.30308519184199234,20.261463795509986,0.9177520646934184,COMPLETE
38,5746.567357366183,2026-08-10 10:09:45.315732,2026-08-10 10:09:50.288857,0 days 00:00:04.973125,0.5546096254922391,9.697251182302336e-07,0.4883539773342935,0.13439520033703575,4,6,0.14490399682711774,49.78190724342882,0.6092202198368725,COMPLETE
39,45628.688451116184,2026-08-10 10:09:50.299001,2026-08-10 10:09:55.275640,0 days 00:00:04.976639,0.5176200170631622,0.0004588139524877432,0.1905547997986903,0.10587523820694103,3,5,9.796781716313106,7.578868355476488,0.7599015701182779,COMPLETE
40,17.2624537300082,2026-08-10 10:09:55.285926,2026-08-10 10:09:55.771841,0 days 00:00:00.485915,0.42997528219391096,0.5727337936623633,0.7568860794081347,0.037652883524464366,3,8,0.6177954059594747,0.5010150490690387,0.8738566330009764,COMPLETE
41,90121.41891986618,2026-08-10 10:09:55.782131,2026-08-10 10:10:00.695224,0 days 00:00:04.913093,0.5495612984437955,4.4446353216772926e-08,0.139123290628963,0.14923341965977088,4,3,0.1930887020689632,11.699737732206989,0.9263041999005887,COMPLETE
42,0.00023395752818464906,2026-08-10 10:10:00.705845,2026-08-10 10:10:04.721027,0 days 00:00:04.015182,0.42396845457700993,5.2582511235783225e-05,0.587086349019066,0.17019122170813214,3,4,0.145506226149073,31.900489479527504,0.946566399298012,COMPLETE
43,66.4239064384489,2026-08-10 10:10:04.731484,2026-08-10 10:10:09.639752,0 days 00:00:04.908268,0.465795402072321,0.00017775081221640019,0.533579809894166,0.17434206016601148,3,4,0.13295327062582596,32.632339309360944,0.9494912412607178,COMPLETE
44,4105.689427678683,2026-08-10 10:10:09.650170,2026-08-10 10:10:14.580033,0 days 00:00:04.929863,0.42874960100900766,1.3035053480024706e-05,0.3728787620694799,0.1969646343287034,3,4,0.26929533662260896,16.985534861948366,0.888919080302194,COMPLETE
45,0.0003026210736022601,2026-08-10 10:10:14.590805,2026-08-10 10:10:16.809632,0 days 00:00:02.218827,0.4043116728457414,3.186363103880997e-06,0.7630335524155051,0.13068264949747518,3,3,0.1801578300332343,25.672017245824044,0.9253284722749955,COMPLETE
46,3398.5695546318084,2026-08-10 10:15:58.700728,2026-08-10 10:16:04.584215,0 days 00:00:05.883487,0.48724590109561194,0.0021687538999801076,0.4712661871849072,0.17246024308541608,3,5,0.12586361969630064,35.79307579373885,0.9031319737632287,COMPLETE
47,0.0004927488355102316,2026-08-10 10:16:04.596611,2026-08-10 10:16:07.375535,0 days 00:00:02.778924,0.4463688148710177,7.857670022129982e-05,0.6155629809035011,0.11842103437891947,3,10,0.41335857036094054,14.311308645202955,0.8305121685298382,COMPLETE
48,0.00034038619628103817,2026-08-10 10:16:07.386191,2026-08-10 10:16:08.754523,0 days 00:00:01.368332,0.4240443512063549,9.890200709406469e-06,0.8135868403969047,0.08935577357895937,3,6,0.10035416280245416,10.210238506591057,0.9302145022288542,COMPLETE
49,0.0002988064200683099,2026-08-10 10:16:08.765061,2026-08-10 10:16:09.635965,0 days 00:00:00.870904,0.4000979169564877,2.1598217919111415e-05,0.319287003751153,0.14559192173766736,3,3,0.1834579211753498,0.19978472821163584,0.5139723686143871,COMPLETE
50,1629338.6689198662,2026-08-10 10:16:09.646540,2026-08-10 10:16:14.580137,0 days 00:00:04.933597,0.7137582942267412,6.072525377932739e-06,0.033400942277467725,0.07372502288649534,3,4,0.3113621610457844,5.887182501897187,0.7915818766887263,COMPLETE
51,3581.0168202568084,2026-08-10 10:16:14.590316,2026-08-10 10:16:19.581715,0 days 00:00:04.991399,0.49117822762724633,0.0001874363879236113,0.4170973558725071,0.1778544007325,3,5,0.7589098954311988,21.784902848381254,0.8652021968717059,COMPLETE
52,0.000803297954673733,2026-08-10 10:16:19.592220,2026-08-10 10:16:24.499441,0 days 00:00:04.907221,0.4246244330610283,6.011567824208315e-05,0.5697672501849289,0.1563544841595559,3,4,0.1398266246490151,34.183598336535475,0.938683529786447,COMPLETE
53,0.0003483969907071988,2026-08-10 10:16:24.510700,2026-08-10 10:16:26.442191,0 days 00:00:01.931491,0.46284758132618187,3.392942885079837e-05,0.8530920686244869,0.12460868360428211,3,3,0.12382868668719664,29.335686231960224,0.9497963698153663,COMPLETE
54,0.00026542825526569227,2026-08-10 10:16:26.453224,2026-08-10 10:16:30.224928,0 days 00:00:03.771704,0.4259151079357579,1.7857847728386002e-05,0.6348254249631355,0.19942890702117003,3,4,0.2476990452989216,41.368677442460395,0.8948162651744624,COMPLETE
55,0.00019234471149251852,2026-08-10 10:16:30.235551,2026-08-10 10:16:34.597546,0 days 00:00:04.361995,0.4459472298431567,8.209974617360221e-07,0.4635760647626086,0.14798178377263077,3,5,0.16385239036390123,14.445939864511438,0.9357623939293123,COMPLETE
56,1494.5231679130582,2026-08-10 10:16:34.607888,2026-08-10 10:16:39.564063,0 days 00:00:04.956175,0.45099933152940924,7.824047126723023e-07,0.4574669696817584,0.10704208356554569,3,5,0.35291176253632367,14.536490250148237,0.9148478048171974,COMPLETE
57,9488.232396428684,2026-08-10 10:16:39.575652,2026-08-10 10:16:44.553389,0 days 00:00:04.977737,0.46879484715033687,2.994961677907449e-07,0.3484259183302775,0.1380157962382157,3,5,0.19748702214385025,19.07456395740776,0.9329290160372574,COMPLETE
58,20263.465794866184,2026-08-10 10:16:44.563989,2026-08-10 10:16:49.690061,0 days 00:00:05.126072,0.5072311869715318,2.96912062051526e-06,0.24149142524413034,0.18027972324622077,3,6,0.24664870715250517,8.308516248524485,0.8928665210681507,COMPLETE
59,0.0003655629886822027,2026-08-10 10:16:49.700836,2026-08-10 10:16:51.696042,0 days 00:00:01.995206,0.41587482547470733,1.2407511080060295e-07,0.8967440607956341,0.09247120608131976,3,3,0.12239544935610239,22.883456645083164,0.874740352427133,COMPLETE
60,0.0006402199752763039,2026-08-10 10:16:51.706608,2026-08-10 10:16:56.144792,0 days 00:00:04.438184,0.44151756790516683,6.576771534961373e-06,0.9965775807886204,0.020358014765082345,3,5,0.45777524989885476,15.527293232815655,0.9120418463755148,COMPLETE
61,3567.3923085380584,2026-08-10 10:22:25.942026,2026-08-10 10:22:32.303465,0 days 00:00:06.361439,0.458382050133022,1.4242641373066644e-06,0.52320786159003,0.11741330519553218,3,6,0.17093952705603233,43.64570084240469,0.9357624061640175,COMPLETE
62,0.0002816404938256263,2026-08-10 10:22:32.316560,2026-08-10 10:22:35.146269,0 days 00:00:02.829709,0.4103924125980661,5.736667849244798e-05,0.6799523951885842,0.15676531728685864,3,4,0.15288759026373222,29.991546973079068,0.9494407807655498,COMPLETE
63,373.7085316825895,2026-08-10 10:22:35.156738,2026-08-10 10:22:40.808839,0 days 00:00:05.652101,0.439116087472312,0.00011073411387041223,0.5894986578827243,0.1488750815624132,3,4,0.22514114117692582,39.357734950375786,0.9332091727952175,COMPLETE
64,3265.8046620536834,2026-08-10 10:22:40.819003,2026-08-10 10:22:45.686664,0 days 00:00:04.867661,0.4835756633139747,0.0002619253908588476,0.43680144500141305,0.16802861021465135,3,4,0.10035300682245096,24.943210144842098,0.9116248916347182,COMPLETE
65,0.00029689909372274863,2026-08-10 10:22:45.696828,2026-08-10 10:22:47.076642,0 days 00:00:01.379814,0.41656908140873405,3.320389771679127e-07,0.7387575462997821,0.1324119440242803,3,3,0.15359828122687336,12.178428449601014,0.9227595585345,COMPLETE
66,16082.453099553682,2026-08-10 10:22:47.087395,2026-08-10 10:22:52.082228,0 days 00:00:04.994833,0.4185399018421776,0.0007694392347663209,0.30266606717622796,0.11243801578927211,3,5,0.12132425836871194,19.006089451213015,0.9014457849831234,COMPLETE
67,0.00028103472209825315,2026-08-10 10:22:52.093064,2026-08-10 10:22:53.481596,0 days 00:00:01.388532,0.4386057632737012,2.898381929883741e-05,0.671582657755517,0.14950453968140726,3,4,0.295365886222856,10.154371782305393,0.9371103688287067,COMPLETE
68,2076.380833928683,2026-08-10 10:22:53.491836,2026-08-10 10:22:58.750306,0 days 00:00:05.258470,0.45971414107717046,9.160732677841278e-06,0.49931483581473396,0.18497137788932191,3,5,0.21022425185589588,29.074741630075003,0.7028601510654487,COMPLETE
69,9594.653490178684,2026-08-10 10:22:58.761694,2026-08-10 10:23:03.904668,0 days 00:00:05.142974,0.4002755987161668,2.1845692843008676e-06,0.3739965520884573,0.09613697717730574,3,4,0.1694594096915579,21.231810766141184,0.8612945171459121,COMPLETE
70,0.0385916878043636,2026-08-10 10:23:03.915259,2026-08-10 10:23:06.856315,0 days 00:00:02.941056,0.5057922171222332,4.4207454206157285e-06,0.8823651259363589,0.12568876164452084,3,3,40.59351181948877,36.279210016568975,0.8836565983525333,COMPLETE
71,0.00036972554869668797,2026-08-10 10:23:06.866887,2026-08-10 10:23:08.346074,0 days 00:00:01.479187,0.47372366580105046,6.929537727838148e-07,0.5782742645904287,0.16228558927916792,3,11,0.3402620694614219,6.888130785116513,0.8119297741072269,COMPLETE
72,0.00026542825526569227,2026-08-10 10:23:08.356694,2026-08-10 10:23:12.618655,0 days 00:00:04.261961,0.43096433648105925,1.714180547973949e-05,0.6358706607312256,0.19684790034363384,3,4,0.25461802429856195,43.01465892900522,0.8401677269236747,COMPLETE
73,0.00028736246643284855,2026-08-10 10:23:12.629825,2026-08-10 10:23:16.812644,0 days 00:00:04.182819,0.4249725059655655,4.127604891133178e-05,0.6975853803897948,0.19933186825677326,3,4,0.23716505621935233,47.70851816694823,0.9007903375955099,COMPLETE
74,3256.822240178683,2026-08-10 10:23:16.832594,2026-08-10 10:23:22.478171,0 days 00:00:05.645577,0.4501348243416431,0.00011830646970298856,0.4533211752814623,0.14003701028779364,3,4,0.488338901098258,24.47274916320687,0.9237136560611076,COMPLETE
75,0.0002209542431473162,2026-08-10 10:23:22.488838,2026-08-10 10:23:24.966614,0 days 00:00:02.477776,0.41717964296652654,1.7185237193112193e-05,0.5689233685009679,0.18301307561013175,3,5,0.14283165820079252,16.463137404286726,0.8867738333091205,COMPLETE
76,0.00021393078233952683,2026-08-10 10:27:12.435046,2026-08-10 10:27:16.700028,0 days 00:00:04.264982,0.41529708155096257,1.1190554770262514e-06,0.5125712968867221,0.16376066142510326,3,5,0.12065262558295381,13.306109086630958,0.8750482263737309,COMPLETE
77,5827.7460683036825,2026-08-10 10:27:16.712519,2026-08-10 10:27:22.136223,0 days 00:00:05.423704,0.41282192132902984,1.4120745443602666e-06,0.3457783959019171,0.17979288501399174,3,5,0.12188477189629365,13.490151386323811,0.8716810635081856,COMPLETE
78,0.00021965270200550335,2026-08-10 10:27:22.155336,2026-08-10 10:27:26.493434,0 days 00:00:04.338098,0.4417956710302051,2.3573315091182475e-07,0.5311808221548519,0.1650365579179066,3,6,0.11334680634142082,16.249457487234295,0.8313318343358573,COMPLETE
79,0.00021488443515033242,2026-08-10 10:27:26.504126,2026-08-10 10:27:31.237784,0 days 00:00:04.733658,0.4460985550536689,2.58792300194377e-08,0.5192710768498722,0.1397503566422376,3,7,0.191650771244345,18.731387871755146,0.8334875603362281,COMPLETE
80,18195.63337299118,2026-08-10 10:27:31.248179,2026-08-10 10:27:36.642681,0 days 00:00:05.394502,0.5248892546209762,2.8946401248878988e-08,0.2736123837142024,0.11028954813066331,3,7,0.14158828691033726,9.608970158951568,0.831101770069411,COMPLETE
81,0.00021904693536579163,2026-08-10 10:27:36.653664,2026-08-10 10:27:40.181920,0 days 00:00:03.528256,0.4964361246385772,1.1704673583668402e-08,0.5276313220383057,0.12587220980990663,4,7,0.17763609974654426,12.213678948920563,0.8150829807369405,COMPLETE
82,0.00021332501640417548,2026-08-10 10:27:40.192600,2026-08-10 10:27:41.873859,0 days 00:00:01.681259,0.4952843827492328,1.3107846820846816e-08,0.5148524793094467,0.13879665518621168,4,8,0.18743701990071118,5.035281083699606,0.848265804974658,COMPLETE
83,4.264618570706626,2026-08-10 10:27:41.884762,2026-08-10 10:27:43.521769,0 days 00:00:01.637007,0.5653431845653099,1.0115152214980306e-08,0.4073115422325378,0.12718140580022375,4,8,0.17816929791802813,2.271315064028401,0.7678592908556062,COMPLETE
84,0.00021011617304849046,2026-08-10 10:27:43.532532,2026-08-10 10:27:48.249031,0 days 00:00:04.716499,0.4969451673949084,1.682263970998016e-08,0.5046944413188599,0.14189484432697147,4,7,0.1934186269527086,16.790708324132193,0.8165528662341347,COMPLETE
85,0.00020474215126490593,2026-08-10 10:27:48.259613,2026-08-10 10:27:49.781691,0 days 00:00:01.522078,0.492509022284032,2.6812010500539382e-08,0.5084036367781288,0.16705185374873574,4,7,0.1419895659410404,4.834305953365592,0.7865255498080029,COMPLETE
